Solver command line: ['/home/vres/opt/gurobi800/linux64/bin/gurobi.sh']

Academic license - for non-commercial use only
Changed value of parameter QCPDual to 1
   Prev: 0  Min: 0  Max: 1  Default: 0
Changed value of parameter threads to 32
   Prev: 0  Min: 0  Max: 1024  Default: 0
Parameter method unchanged
   Value: -1  Min: -1  Max: 5  Default: -1
Parameter crossover unchanged
   Value: -1  Min: -1  Max: 5  Default: -1
Optimize a model with 10582088 rows, 5808406 columns and 24280169 nonzeros
Coefficient statistics:
  Matrix range     [1e-06, 4e+02]
  Objective range  [1e-05, 7e+06]
  Bounds range     [3e-06, 5e+06]
  RHS range        [3e-06, 8e+06]

Concurrent LP optimizer: primal simplex, dual simplex, and barrier
Showing barrier log only...

Presolve removed 0 rows and 0 columns (presolve time = 6s) ...
Presolve removed 4763307 rows and 1054050 columns (presolve time = 12s) ...
Presolve removed 4763307 rows and 1054050 columns (presolve time = 17s) ...
Presolve removed 4769257 rows and 1060000 columns (presolve time = 20s) ...
Presolve removed 4912227 rows and 1202970 columns (presolve time = 30s) ...
Presolve removed 4912227 rows and 1202970 columns (presolve time = 30s) ...
Presolve removed 4912227 rows and 1202970 columns (presolve time = 36s) ...
Presolve removed 4912227 rows and 1202970 columns (presolve time = 40s) ...
Presolve removed 4912228 rows and 1202970 columns
Presolve time: 52.33s
Presolved: 5669860 rows, 4605437 columns, 17871943 nonzeros

Ordering time: 3.89s

Barrier statistics:
 Dense cols : 479
 Free vars  : 324120
 AA' NZ     : 1.984e+07
 Factor NZ  : 1.247e+08 (roughly 5.0 GBytes of memory)
 Factor Ops : 1.779e+10 (roughly 2 seconds per iteration)
 Threads    : 30

                  Objective                Residual
Iter       Primal          Dual         Primal    Dual     Compl     Time
   0   2.83102805e+10 -7.27757211e+10  4.27e+10 3.41e+00  7.94e+07    88s
   1   2.83013765e+10 -1.01953933e+11  4.15e+10 5.99e+02  6.10e+07   102s
   2   2.76238018e+10 -1.20249707e+11  3.69e+10 6.54e+02  5.42e+07   117s
   3   2.64101999e+10 -2.84871253e+11  3.06e+10 4.96e+02  3.87e+07   133s
   4   2.40491818e+10 -8.65510969e+11  2.40e+10 1.67e+02  2.57e+07   148s
   5   2.07230612e+10 -1.06535955e+12  1.85e+10 4.91e+01  1.88e+07   159s
   6   1.64044244e+10 -1.05470681e+12  1.23e+10 1.95e+01  1.24e+07   171s
   7   1.33450900e+10 -9.70103094e+11  7.99e+09 7.91e+00  8.00e+06   182s
   8   1.05506732e+10 -8.23135964e+11  3.77e+09 2.95e+00  3.79e+06   197s
   9   8.96268214e+09 -6.32948626e+11  1.36e+09 9.70e-01  1.38e+06   213s
  10   9.08734017e+09 -4.18480830e+11  5.31e+08 1.89e-01  5.35e+05   226s
  11   1.11312766e+10 -3.47268308e+11  3.86e+08 8.86e-02  3.82e+05   237s
  12   1.04185939e+10 -3.35186018e+11  3.18e+08 7.90e-02  3.19e+05   247s
  13   1.14359883e+10 -3.18463508e+11  2.48e+08 6.85e-02  2.54e+05   257s
  14   1.17035660e+10 -2.59367118e+11  2.18e+08 3.71e-02  2.09e+05   270s
  15   1.18609615e+10 -2.52148931e+11  1.98e+08 3.45e-02  1.92e+05   280s
  16   1.07689724e+10 -2.30304134e+11  1.62e+08 2.67e-02  1.57e+05   293s
  17   1.00810214e+10 -1.79996114e+11  1.43e+08 1.28e-02  1.24e+05   312s
  18   8.92073723e+09 -1.29851628e+11  5.24e+07 6.72e-03  5.13e+04   326s
  19   8.04475610e+09 -1.05356722e+11  4.48e+07 5.89e-03  4.25e+04   337s
  20   7.97616839e+09 -9.69681479e+10  4.07e+07 5.36e-03  3.85e+04   348s
  21   6.85399441e+09 -8.50457568e+10  3.27e+07 4.62e-03  3.13e+04   360s
  22   6.73018808e+09 -7.44470984e+10  3.13e+07 3.97e-03  2.84e+04   372s
  23   5.98262103e+09 -6.30789792e+10  2.66e+07 3.38e-03  2.38e+04   382s
  24   5.76169947e+09 -5.01606218e+10  2.45e+07 2.51e-03  2.02e+04   396s
  25   5.21133095e+09 -3.55647747e+10  2.03e+07 1.78e-03  1.57e+04   406s
  26   4.65983693e+09 -2.28650036e+10  1.53e+07 1.27e-03  1.10e+04   419s
  27   4.01903650e+09 -1.91298847e+10  1.23e+07 1.22e-03  8.68e+03   435s
  28   3.19379380e+09 -1.25612325e+10  8.40e+06 1.33e-03  5.67e+03   448s
  29   1.78908849e+09 -9.03933759e+09  3.96e+06 1.56e-03  2.94e+03   460s
  30   1.11652442e+09 -5.98743500e+09  1.99e+06 1.90e-03  1.57e+03   471s
  31   6.16872976e+08 -4.10514252e+09  8.47e+05 1.93e-03  8.08e+02   482s
  32   5.43667594e+08 -2.77693998e+09  7.07e+05 1.86e-03  5.65e+02   496s
  33   3.66883907e+08 -1.55202715e+09  4.03e+05 2.56e-03  2.99e+02   506s
  34   3.18007124e+08 -1.07796153e+09  3.27e+05 2.81e-03  2.14e+02   521s
  35   3.04976023e+08 -8.57425944e+08  3.11e+05 2.77e-03  1.78e+02   538s
  36   2.35596001e+08 -3.71477748e+08  2.19e+05 4.32e-03  9.46e+01   552s
  37   1.69416715e+08 -2.19720585e+08  1.46e+05 5.50e-03  5.91e+01   563s
  38   1.46791615e+08 -1.81683040e+08  1.21e+05 5.36e-03  4.91e+01   573s
  39   1.27954589e+08 -1.36015371e+08  1.01e+05 5.15e-03  3.94e+01   584s
  40   1.00213545e+08 -8.34043384e+07  7.45e+04 4.99e-03  2.72e+01   597s
  41   8.95036794e+07 -6.39966610e+07  6.41e+04 4.86e-03  2.27e+01   608s
  42   7.56445319e+07 -3.77951126e+07  5.11e+04 4.03e-03  1.65e+01   621s
  43   6.13601978e+07 -2.31162409e+07  3.90e+04 3.49e-03  1.19e+01   638s
  44   5.01918284e+07 -1.56707585e+07  2.92e+04 3.36e-03  9.03e+00   652s
  45   4.93956066e+07 -1.48789947e+07  2.84e+04 3.38e-03  8.81e+00   662s
  46   4.78134120e+07 -1.35115725e+07  2.71e+04 3.41e-03  8.39e+00   673s
  47   4.53042525e+07 -1.28966339e+07  2.49e+04 3.42e-03  7.90e+00   684s
  48   4.25181283e+07 -8.94498512e+06  2.26e+04 3.44e-03  6.97e+00   696s
  49   4.22442360e+07 -8.25603778e+06  2.24e+04 3.43e-03  6.84e+00   707s
  50   4.03564065e+07 -4.18442415e+06  2.07e+04 3.36e-03  6.05e+00   720s
  51   3.92241126e+07 -2.99218681e+06  1.96e+04 3.32e-03  5.72e+00   731s
  52   3.77778923e+07 -6.75268627e+05  1.81e+04 3.18e-03  5.19e+00   744s
  53   3.54835251e+07  1.22780065e+06  1.60e+04 3.10e-03  4.60e+00   765s
  54   3.50142509e+07  2.07999462e+06  1.56e+04 3.04e-03  4.41e+00   778s
  55   3.44325277e+07  2.44100885e+06  1.51e+04 3.03e-03  4.28e+00   790s
  56   3.38333049e+07  3.56005985e+06  1.45e+04 2.91e-03  4.05e+00   800s
  57   3.29423720e+07  4.38090576e+06  1.37e+04 2.81e-03  3.82e+00   812s
  58   2.92046503e+07  4.97659689e+06  1.03e+04 2.70e-03  3.14e+00   825s
  59   2.81522195e+07  6.49401601e+06  9.28e+03 2.43e-03  2.80e+00   835s
  60   2.57183937e+07  7.44791277e+06  7.22e+03 2.34e-03  2.31e+00   848s
  61   2.50352772e+07  1.05597703e+07  6.65e+03 2.16e-03  1.83e+00   866s
  62   2.39347029e+07  1.14118797e+07  5.64e+03 1.94e-03  1.57e+00   881s
  63   2.38740453e+07  1.16879493e+07  5.58e+03 1.88e-03  1.53e+00   891s
  64   2.31099304e+07  1.19274418e+07  4.95e+03 1.82e-03  1.39e+00   904s
  65   2.23428823e+07  1.20791169e+07  4.30e+03 1.78e-03  1.27e+00   914s
  66   2.20336482e+07  1.26352950e+07  4.03e+03 1.63e-03  1.16e+00   929s
  67   2.19780248e+07  1.27619692e+07  3.98e+03 1.59e-03  1.13e+00   939s
  68   2.12353344e+07  1.33246353e+07  3.30e+03 1.48e-03  9.61e-01   952s
  69   2.07399982e+07  1.39850294e+07  2.90e+03 1.30e-03  8.17e-01   969s
  70   2.06155593e+07  1.41070883e+07  2.80e+03 1.26e-03  7.85e-01   982s
  71   2.05346549e+07  1.42557747e+07  2.73e+03 1.21e-03  7.58e-01   992s
  72   2.03839351e+07  1.43884473e+07  2.60e+03 1.17e-03  7.23e-01  1002s
  73   2.02241513e+07  1.47202413e+07  2.47e+03 1.04e-03  6.64e-01  1012s
  74   2.01809496e+07  1.50872745e+07  2.43e+03 9.10e-04  6.15e-01  1025s
  75   2.00087655e+07  1.51817258e+07  2.29e+03 8.74e-04  5.82e-01  1035s
  76   1.98951557e+07  1.52369000e+07  2.20e+03 8.51e-04  5.60e-01  1047s
  77   1.96228705e+07  1.53342382e+07  1.99e+03 8.13e-04  5.14e-01  1061s
  78   1.93626149e+07  1.55226177e+07  1.81e+03 7.33e-04  4.58e-01  1074s
  79   1.93073453e+07  1.55636683e+07  1.77e+03 7.13e-04  4.47e-01  1084s
  80   1.92256999e+07  1.55757333e+07  1.72e+03 7.06e-04  4.35e-01  1094s
  81   1.90297462e+07  1.56380641e+07  1.59e+03 6.71e-04  4.03e-01  1107s
  82   1.89067519e+07  1.56556645e+07  1.50e+03 6.60e-04  3.85e-01  1124s
  83   1.88136840e+07  1.57506782e+07  1.44e+03 6.07e-04  3.62e-01  1137s
  84   1.86916058e+07  1.57659075e+07  1.35e+03 5.98e-04  3.45e-01  1147s
  85   1.86264729e+07  1.58472062e+07  1.31e+03 5.49e-04  3.28e-01  1157s
  86   1.85389475e+07  1.59004772e+07  1.25e+03 5.08e-04  3.10e-01  1167s
  87   1.83865957e+07  1.59376856e+07  1.14e+03 4.81e-04  2.87e-01  1181s
  88   1.82657279e+07  1.59645980e+07  1.06e+03 4.63e-04  2.70e-01  1191s
  89   1.80897852e+07  1.60017962e+07  9.39e+02 4.42e-04  2.44e-01  1204s
  90   1.80688273e+07  1.60380517e+07  9.24e+02 4.19e-04  2.37e-01  1218s
  91   1.80424869e+07  1.60652872e+07  9.06e+02 4.03e-04  2.30e-01  1233s
  92   1.80236734e+07  1.60730278e+07  8.93e+02 3.99e-04  2.27e-01  1242s
  93   1.79305101e+07  1.61408799e+07  8.29e+02 3.67e-04  2.08e-01  1253s
  94   1.79283984e+07  1.61503340e+07  8.28e+02 3.63e-04  2.07e-01  1266s
  95   1.77257414e+07  1.61515075e+07  6.92e+02 3.62e-04  1.82e-01  1279s
  96   1.77169530e+07  1.61819252e+07  6.86e+02 3.47e-04  1.78e-01  1293s
  97   1.76753846e+07  1.61936017e+07  6.59e+02 3.41e-04  1.72e-01  1303s
  98   1.75779516e+07  1.62540016e+07  5.95e+02 3.10e-04  1.53e-01  1317s
  99   1.75047374e+07  1.62649562e+07  5.48e+02 3.04e-04  1.43e-01  1328s
 100   1.74380803e+07  1.63007619e+07  5.06e+02 2.85e-04  1.31e-01  1340s
 101   1.73834265e+07  1.63249110e+07  4.70e+02 2.71e-04  1.22e-01  1350s
 102   1.73273610e+07  1.63598283e+07  4.33e+02 2.49e-04  1.11e-01  1364s
 103   1.72304419e+07  1.64101912e+07  3.74e+02 2.18e-04  9.35e-02  1381s
 104   1.71832833e+07  1.64405222e+07  3.42e+02 1.95e-04  8.43e-02  1394s
 105   1.71487770e+07  1.64464718e+07  3.21e+02 1.90e-04  7.96e-02  1404s
 106   1.71180146e+07  1.64618606e+07  3.01e+02 1.78e-04  7.43e-02  1414s
 107   1.71141366e+07  1.64688899e+07  2.99e+02 1.73e-04  7.30e-02  1424s
 108   1.70715136e+07  1.64893714e+07  2.73e+02 1.57e-04  6.56e-02  1436s
 109   1.70380860e+07  1.65019924e+07  2.51e+02 1.46e-04  6.02e-02  1446s
 110   1.69768062e+07  1.65120120e+07  2.14e+02 1.37e-04  5.21e-02  1459s
 111   1.69197729e+07  1.65124142e+07  1.80e+02 1.25e-04  4.54e-02  1478s
 112   1.68977860e+07  1.65233853e+07  1.67e+02 1.15e-04  4.16e-02  1494s
 113   1.68821610e+07  1.65304385e+07  1.57e+02 1.08e-04  3.90e-02  1508s
 114   1.68687660e+07  1.65344360e+07  1.48e+02 1.02e-04  3.71e-02  1519s
 115   1.68475218e+07  1.65452078e+07  1.35e+02 9.04e-05  3.34e-02  1529s
 116   1.68129488e+07  1.65562108e+07  1.14e+02 7.94e-05  2.82e-02  1542s
 117   1.67916546e+07  1.65578289e+07  1.01e+02 7.33e-05  2.57e-02  1553s
 118   1.67674589e+07  1.65636669e+07  8.64e+01 6.73e-05  2.23e-02  1566s
 119   1.67505998e+07  1.65719875e+07  7.61e+01 5.95e-05  1.94e-02  1583s
 120   1.67475526e+07  1.65735278e+07  7.41e+01 5.79e-05  1.89e-02  1598s
 121   1.67414638e+07  1.65754342e+07  7.04e+01 5.59e-05  1.80e-02  1608s
 122   1.67269170e+07  1.65786355e+07  6.12e+01 5.26e-05  1.60e-02  1620s
 123   1.67112974e+07  1.65835233e+07  5.14e+01 4.73e-05  1.37e-02  1631s
 124   1.67071796e+07  1.65876584e+07  4.88e+01 4.29e-05  1.28e-02  1645s
 125   1.67029140e+07  1.65917452e+07  4.62e+01 3.89e-05  1.19e-02  1655s
 126   1.66946181e+07  1.65968178e+07  4.14e+01 3.40e-05  1.04e-02  1669s
 127   1.66908195e+07  1.65981456e+07  3.90e+01 3.23e-05  9.79e-03  1679s
 128   1.66823154e+07  1.66014345e+07  3.39e+01 2.79e-05  8.47e-03  1693s
 129   1.66770521e+07  1.66070891e+07  3.08e+01 2.16e-05  7.23e-03  1710s
 130   1.66667996e+07  1.66095702e+07  2.46e+01 1.87e-05  5.83e-03  1724s
 131   1.66601085e+07  1.66104775e+07  2.06e+01 1.75e-05  5.00e-03  1734s
 132   1.66560472e+07  1.66114958e+07  1.83e+01 1.65e-05  4.44e-03  1744s
 133   1.66556555e+07  1.66116798e+07  1.81e+01 1.63e-05  4.38e-03  1754s
 134   1.66534397e+07  1.66122707e+07  1.68e+01 1.57e-05  4.07e-03  1769s
 135   1.66522225e+07  1.66127395e+07  1.61e+01 1.52e-05  3.89e-03  1779s
 136   1.66507406e+07  1.66131103e+07  1.53e+01 1.47e-05  3.68e-03  1792s
 137   1.66480006e+07  1.66146103e+07  1.37e+01 1.20e-05  3.21e-03  1810s
 138   1.66451989e+07  1.66152895e+07  1.21e+01 1.10e-05  2.83e-03  1823s
 139   1.66445540e+07  1.66155061e+07  1.18e+01 1.07e-05  2.74e-03  1835s
 140   1.66440493e+07  1.66156264e+07  1.15e+01 1.05e-05  2.67e-03  1845s
 141   1.66428541e+07  1.66158104e+07  1.08e+01 1.02e-05  2.52e-03  1855s
 142   1.66421006e+07  1.66159956e+07  1.03e+01 9.96e-06  2.42e-03  1869s
 143   1.66393533e+07  1.66163534e+07  8.71e+00 9.45e-06  2.09e-03  1879s
 144   1.66365767e+07  1.66170789e+07  7.05e+00 8.27e-06  1.71e-03  1892s
 145   1.66350293e+07  1.66175501e+07  6.20e+00 7.22e-06  1.49e-03  1908s
 146   1.66324512e+07  1.66177730e+07  4.74e+00 6.73e-06  1.19e-03  1921s
 147   1.66312927e+07  1.66180066e+07  4.10e+00 6.11e-06  1.04e-03  1931s
 148   1.66298584e+07  1.66183443e+07  3.25e+00 5.21e-06  8.57e-04  1942s
 149   1.66291618e+07  1.66186696e+07  2.84e+00 4.35e-06  7.47e-04  1954s
 150   1.66278312e+07  1.66187172e+07  2.17e+00 4.23e-06  6.11e-04  1973s
 151   1.66273831e+07  1.66191201e+07  1.94e+00 3.12e-06  5.21e-04  1988s
 152   1.66270532e+07  1.66193886e+07  1.79e+00 2.44e-06  4.58e-04  2006s
 153   1.66267324e+07  1.66194117e+07  1.63e+00 2.38e-06  4.26e-04  2024s
 154   1.66258230e+07  1.66197377e+07  1.19e+00 1.55e-06  3.04e-04  2052s
 155   1.66254665e+07  1.66198803e+07  1.03e+00 1.17e-06  2.56e-04  2077s
 156   1.66249542e+07  1.66199131e+07  8.00e-01 1.09e-06  2.09e-04  2097s
 157   1.66248711e+07  1.66199343e+07  7.66e-01 1.04e-06  2.00e-04  2111s
 158   1.66246547e+07  1.66199523e+07  6.77e-01 9.94e-07  1.80e-04  2126s
 159   1.66245235e+07  1.66199672e+07  6.23e-01 9.57e-07  1.68e-04  2140s
 160   1.66241801e+07  1.66200800e+07  4.83e-01 6.66e-07  1.30e-04  2155s
 161   1.66241177e+07  1.66201491e+07  4.60e-01 5.62e-07  1.17e-04  2167s
 162   1.66240285e+07  1.66201643e+07  4.29e-01 5.28e-07  1.09e-04  2182s
 163   1.66238776e+07  1.66201948e+07  3.75e-01 4.61e-07  9.59e-05  2197s
 164   1.66237039e+07  1.66202076e+07  3.19e-01 4.30e-07  8.33e-05  2213s
 165   1.66235650e+07  1.66202186e+07  2.78e-01 4.03e-07  7.36e-05  2228s
 166   1.66233707e+07  1.66202225e+07  2.25e-01 3.93e-07  6.20e-05  2246s
 167   1.66231950e+07  1.66202377e+07  1.81e-01 3.54e-07  5.12e-05  2263s
 168   1.66231533e+07  1.66202421e+07  1.72e-01 3.42e-07  4.88e-05  2275s
 169   1.66231270e+07  1.66202471e+07  1.66e-01 3.28e-07  4.71e-05  2288s
 170   1.66229716e+07  1.66202626e+07  1.31e-01 2.88e-07  3.87e-05  2303s
 171   1.66228235e+07  1.66202658e+07  1.04e-01 2.79e-07  3.29e-05  2319s
 172   1.66226671e+07  1.66202859e+07  6.73e-02 2.32e-07  2.32e-05  2331s
 173   1.66225557e+07  1.66203038e+07  4.69e-02 1.89e-07  1.71e-05  2343s
 174   1.66225156e+07  1.66203152e+07  4.11e-02 1.61e-07  1.46e-05  2356s
 175   1.66224479e+07  1.66203159e+07  3.25e-02 1.59e-07  1.27e-05  2366s
 176   1.66223746e+07  1.66203204e+07  2.44e-02 1.46e-07  1.06e-05  2379s
 177   1.66223136e+07  1.66203334e+07  1.91e-02 1.11e-07  8.05e-06  2396s
 178   1.66222642e+07  1.66203388e+07  1.56e-02 9.42e-08  6.72e-06  2409s
 179   1.66222117e+07  1.66203459e+07  1.25e-02 7.21e-08  5.22e-06  2420s
 180   1.66221530e+07  1.66203474e+07  9.61e-03 7.03e-08  4.47e-06  2430s
 181   1.66221304e+07  1.66203490e+07  8.74e-03 6.99e-08  4.09e-06  2441s
 182   1.66220732e+07  1.66203505e+07  6.72e-03 6.94e-08  3.48e-06  2454s
 183   1.66220413e+07  1.66203513e+07  5.84e-03 6.90e-08  3.20e-06  2464s
 184   1.66219756e+07  1.66203524e+07  4.26e-03 6.82e-08  2.70e-06  2477s
 185   1.66219494e+07  1.66203533e+07  3.79e-03 6.67e-08  2.50e-06  2492s
 186   1.66219071e+07  1.66203551e+07  3.12e-03 6.36e-08  2.14e-06  2505s
 187   1.66218624e+07  1.66203560e+07  2.53e-03 6.17e-08  1.91e-06  2517s
 188   1.66217594e+07  1.66203590e+07  1.42e-03 5.35e-08  1.29e-06  2527s
 189   1.66217176e+07  1.66203612e+07  1.16e-03 4.45e-08  9.74e-07  2542s
 190   1.66216846e+07  1.66203616e+07  9.99e-04 4.14e-08  8.77e-07  2559s
 191   1.66216169e+07  1.66203622e+07  7.08e-04 3.68e-08  7.31e-07  2572s
 192   1.66215764e+07  1.66203626e+07  5.84e-04 1.61e-07  6.56e-07  2582s
 193   1.66215401e+07  1.66203630e+07  4.92e-04 8.00e-08  5.85e-07  2593s
 194   1.66215009e+07  1.66203634e+07  4.09e-04 7.10e-08  5.15e-07  2604s
 195   1.66214099e+07  1.66203642e+07  2.48e-04 3.52e-07  3.76e-07  2617s
 196   1.66213570e+07  1.66203644e+07  1.89e-04 3.16e-07  3.28e-07  2626s
 197   1.66213524e+07  1.66203645e+07  1.87e-04 2.66e-07  3.14e-07  2639s
 198   1.66213522e+07  1.66203645e+07  1.85e-04 2.72e-07  3.11e-07  2656s
 199   1.66213520e+07  1.66203645e+07  1.85e-04 2.72e-07  3.10e-07  2691s
 200   1.66213522e+07  1.66203645e+07  1.86e-04 1.99e-07  3.10e-07  2718s
 201   1.66213524e+07  1.66203646e+07  1.84e-04 2.02e-07  3.10e-07  2753s
 202   1.66213531e+07  1.66203647e+07  1.84e-04 1.99e-07  3.03e-07  2788s
 203   1.66213531e+07  1.66203648e+07  1.80e-04 1.85e-07  3.01e-07  2809s
 204   1.66213507e+07  1.66203650e+07  1.72e-04 1.71e-07  2.90e-07  2838s
 205   1.66213485e+07  1.66203656e+07  1.58e-04 1.26e-07  2.65e-07  2868s
 206   1.66213476e+07  1.66203658e+07  1.52e-04 1.82e-07  2.56e-07  2895s
 207   1.66213425e+07  1.66203667e+07  1.09e-04 1.62e-07  2.25e-07  2919s
 208   1.66213393e+07  1.66203674e+07  9.65e-05 1.44e-07  2.01e-07  2936s
 209   1.66213368e+07  1.66203677e+07  7.58e-05 1.36e-07  1.88e-07  2952s
 210   1.66213304e+07  1.66203679e+07  4.86e-05 1.30e-07  1.73e-07  2965s
 211   1.66213228e+07  1.66203682e+07  4.06e-05 1.22e-07  1.66e-07  2977s
 212   1.66213202e+07  1.66203684e+07  3.60e-05 1.18e-07  1.61e-07  2991s
 213   1.66213088e+07  1.66203687e+07  2.72e-05 1.11e-07  1.54e-07  3005s
 214   1.66213027e+07  1.66203689e+07  2.73e-05 1.07e-07  1.46e-07  3019s
 215   1.66212910e+07  1.66203694e+07  1.61e-05 9.41e-08  1.26e-07  3035s
 216   1.66212787e+07  1.66203697e+07  1.18e-05 8.54e-08  1.15e-07  3049s
 217   1.66212772e+07  1.66203698e+07  2.20e-05 8.27e-08  1.11e-07  3064s
 218   1.66212751e+07  1.66203701e+07  1.26e-05 7.67e-08  1.04e-07  3079s
 219   1.66212730e+07  1.66203701e+07  1.40e-05 9.35e-06  9.94e-08  3095s
 220   1.66212665e+07  1.66203703e+07  7.87e-06 8.88e-06  9.37e-08  3116s
 221   1.66212619e+07  1.66203704e+07  4.61e-06 8.45e-06  8.91e-08  3132s
 222   1.66212481e+07  1.66203705e+07  7.64e-06 8.05e-06  8.26e-08  3147s
 223   1.66212403e+07  1.66203708e+07  1.23e-05 7.37e-06  7.56e-08  3161s
 224   1.66212350e+07  1.66203708e+07  1.16e-06 7.21e-06  7.22e-08  3176s
 225   1.66212332e+07  1.66203709e+07  2.47e-06 7.07e-06  7.04e-08  3193s
 226   1.66212324e+07  1.66203710e+07  4.47e-07 6.76e-06  6.77e-08  3209s
 227   1.66212306e+07  1.66203710e+07  3.76e-08 6.53e-06  6.56e-08  3223s
 228   1.66212294e+07  1.66203711e+07  8.44e-06 6.40e-06  6.41e-08  3237s
 229   1.66212085e+07  1.66203712e+07  2.11e-08 6.09e-06  5.88e-08  3251s
 230   1.66212058e+07  1.66203713e+07  1.97e-08 5.62e-06  5.44e-08  3265s
 231   1.66211968e+07  1.66203715e+07  1.50e-08 5.20e-06  4.97e-08  3279s
 232   1.66211866e+07  1.66203716e+07  1.69e-06 4.92e-06  4.68e-08  3294s
 233   1.66211756e+07  1.66203716e+07  7.30e-07 4.72e-06  4.42e-08  3312s
 234   1.66211721e+07  1.66203717e+07  5.69e-06 4.58e-06  4.29e-08  3330s
 235   1.66211676e+07  1.66203718e+07  3.78e-07 4.19e-06  3.92e-08  3345s
 236   1.66211620e+07  1.66203719e+07  1.11e-06 3.93e-06  3.67e-08  3362s
 237   1.66211566e+07  1.66203720e+07  4.64e-09 3.64e-06  3.39e-08  3376s
 238   1.66211494e+07  1.66203721e+07  4.24e-07 3.15e-06  2.94e-08  3391s
 239   1.66211346e+07  1.66203722e+07  2.40e-09 2.85e-06  2.62e-08  3404s
 240   1.66211231e+07  1.66203723e+07  1.72e-09 2.63e-06  2.40e-08  3420s

Barrier solved model in 240 iterations and 3419.84 seconds
Optimal objective 1.66211231e+07

Crossover log...

 3178939 variables added to crossover basis                     3425s

 2453178 DPushes remaining with DInf 2.5254134e+00              3429s
  251029 DPushes remaining with DInf 4.7448945e-02              3442s
  249842 DPushes remaining with DInf 4.5176126e-02              3448s
  248701 DPushes remaining with DInf 4.5176126e-02              3452s
  247541 DPushes remaining with DInf 4.5176126e-02              3456s
  245270 DPushes remaining with DInf 4.5176126e-02              3463s
  244153 DPushes remaining with DInf 4.5176126e-02              3467s
  241448 DPushes remaining with DInf 4.5169253e-02              3473s
  240100 DPushes remaining with DInf 4.5165083e-02              3478s
  238836 DPushes remaining with DInf 4.5165083e-02              3483s
  236674 DPushes remaining with DInf 4.5161561e-02              3487s
  235489 DPushes remaining with DInf 4.5161561e-02              3491s
  232398 DPushes remaining with DInf 4.5161561e-02              3499s
  231024 DPushes remaining with DInf 4.5161561e-02              3503s
  229894 DPushes remaining with DInf 4.5161561e-02              3509s
  228766 DPushes remaining with DInf 4.5161561e-02              3514s
  227644 DPushes remaining with DInf 4.5161561e-02              3520s
  226505 DPushes remaining with DInf 4.5161561e-02              3525s
  225363 DPushes remaining with DInf 4.5161561e-02              3531s
  224224 DPushes remaining with DInf 4.5161561e-02              3538s
  222958 DPushes remaining with DInf 4.5161561e-02              3543s
  221273 DPushes remaining with DInf 4.5161561e-02              3549s
  220097 DPushes remaining with DInf 4.5161561e-02              3554s
  218938 DPushes remaining with DInf 4.5161561e-02              3561s
  218169 DPushes remaining with DInf 4.5161561e-02              3567s
  217703 DPushes remaining with DInf 4.5161561e-02              3573s
  216403 DPushes remaining with DInf 4.5161561e-02              3581s
  215654 DPushes remaining with DInf 4.5161561e-02              3588s
  215255 DPushes remaining with DInf 4.5161561e-02              3598s
  214752 DPushes remaining with DInf 4.5161561e-02              3605s
  214038 DPushes remaining with DInf 4.5161561e-02              3611s
  212986 DPushes remaining with DInf 4.5161561e-02              3618s
  211842 DPushes remaining with DInf 4.5161561e-02              3623s
  210709 DPushes remaining with DInf 4.5161561e-02              3629s
  209573 DPushes remaining with DInf 4.5161561e-02              3634s
  208423 DPushes remaining with DInf 4.5161561e-02              3639s
  207265 DPushes remaining with DInf 4.5161561e-02              3646s
  206839 DPushes remaining with DInf 4.5161561e-02              3655s
  205758 DPushes remaining with DInf 4.5124128e-02              3665s
  204672 DPushes remaining with DInf 4.5124128e-02              3671s
  203676 DPushes remaining with DInf 4.5124128e-02              3678s
  203243 DPushes remaining with DInf 4.5124128e-02              3685s
  201875 DPushes remaining with DInf 4.5124128e-02              3691s
  200683 DPushes remaining with DInf 4.5124128e-02              3695s
  199531 DPushes remaining with DInf 4.5124128e-02              3701s
  198018 DPushes remaining with DInf 4.5124128e-02              3705s
  194302 DPushes remaining with DInf 3.9655267e-02              3711s
  193001 DPushes remaining with DInf 3.9655267e-02              3716s
  191816 DPushes remaining with DInf 3.9655267e-02              3720s
  189375 DPushes remaining with DInf 3.9655267e-02              3729s
  188102 DPushes remaining with DInf 3.9655267e-02              3735s
  186675 DPushes remaining with DInf 3.9655267e-02              3741s
  184914 DPushes remaining with DInf 3.9655267e-02              3750s
  182875 DPushes remaining with DInf 3.9655267e-02              3755s
  181660 DPushes remaining with DInf 3.9655267e-02              3758s
  180509 DPushes remaining with DInf 3.9655267e-02              3762s
  179315 DPushes remaining with DInf 3.9655267e-02              3765s
  176195 DPushes remaining with DInf 3.9655267e-02              3772s
  174918 DPushes remaining with DInf 3.9655267e-02              3777s
  173785 DPushes remaining with DInf 3.9655267e-02              3782s
  172638 DPushes remaining with DInf 3.9655267e-02              3786s
  171517 DPushes remaining with DInf 3.9655267e-02              3792s
  170393 DPushes remaining with DInf 3.9655267e-02              3796s
  169256 DPushes remaining with DInf 3.9655267e-02              3801s
  168089 DPushes remaining with DInf 3.9655267e-02              3806s
  166926 DPushes remaining with DInf 3.9655267e-02              3811s
  165376 DPushes remaining with DInf 3.9655267e-02              3815s
  162859 DPushes remaining with DInf 3.9655267e-02              3823s
  161622 DPushes remaining with DInf 3.9655267e-02              3826s
  160035 DPushes remaining with DInf 3.9655267e-02              3831s
  158879 DPushes remaining with DInf 3.9655267e-02              3836s
  157458 DPushes remaining with DInf 3.9655267e-02              3841s
  156110 DPushes remaining with DInf 3.8531652e-02              3849s
  153733 DPushes remaining with DInf 3.8531652e-02              3854s
  152205 DPushes remaining with DInf 3.8531652e-02              3859s
  150551 DPushes remaining with DInf 3.8531652e-02              3865s
  149238 DPushes remaining with DInf 3.8531652e-02              3870s
  146795 DPushes remaining with DInf 3.8531652e-02              3877s
  144558 DPushes remaining with DInf 3.8531652e-02              3883s
  143406 DPushes remaining with DInf 3.8531652e-02              3886s
  141018 DPushes remaining with DInf 3.8531652e-02              3894s
  139679 DPushes remaining with DInf 3.8531652e-02              3901s
  138468 DPushes remaining with DInf 3.8531652e-02              3909s
  137029 DPushes remaining with DInf 3.8531652e-02              3915s
  135745 DPushes remaining with DInf 3.8531652e-02              3923s
  134584 DPushes remaining with DInf 3.8531652e-02              3931s
  131437 DPushes remaining with DInf 3.8531652e-02              3940s
  129376 DPushes remaining with DInf 3.8531652e-02              3947s
  127680 DPushes remaining with DInf 3.8444295e-02              3950s
  121269 DPushes remaining with DInf 2.4004426e-02              3956s
  118476 DPushes remaining with DInf 2.4004426e-02              3960s
  117275 DPushes remaining with DInf 2.4004426e-02              3965s
  113206 DPushes remaining with DInf 2.4004426e-02              3972s
  110717 DPushes remaining with DInf 2.4004426e-02              3975s
  107994 DPushes remaining with DInf 2.4004426e-02              3981s
  100559 DPushes remaining with DInf 1.8438793e-02              3987s
   94587 DPushes remaining with DInf 1.8438793e-02              3991s
   93373 DPushes remaining with DInf 1.8438793e-02              3996s
   91132 DPushes remaining with DInf 1.8438793e-02              4002s
   90273 DPushes remaining with DInf 1.8438793e-02              4013s
   89943 DPushes remaining with DInf 1.8438793e-02              4021s
   89613 DPushes remaining with DInf 1.8438793e-02              4030s
   89283 DPushes remaining with DInf 1.8438793e-02              4037s
   88953 DPushes remaining with DInf 1.8438793e-02              4045s
   88623 DPushes remaining with DInf 1.8438793e-02              4053s
   88303 DPushes remaining with DInf 1.8438793e-02              4061s
   87963 DPushes remaining with DInf 1.8438793e-02              4071s
   87573 DPushes remaining with DInf 1.8438793e-02              4079s
   86476 DPushes remaining with DInf 1.8438793e-02              4089s
   85483 DPushes remaining with DInf 1.8438793e-02              4100s
   84973 DPushes remaining with DInf 1.8438793e-02              4113s
   84370 DPushes remaining with DInf 1.8438793e-02              4125s
   83644 DPushes remaining with DInf 1.8438793e-02              4134s
   83104 DPushes remaining with DInf 1.8438793e-02              4142s
   82501 DPushes remaining with DInf 1.8438793e-02              4150s
   81648 DPushes remaining with DInf 1.8438793e-02              4159s
   80545 DPushes remaining with DInf 1.8438793e-02              4162s
   32874 DPushes remaining with DInf 1.8438793e-02              4165s
   28815 DPushes remaining with DInf 1.8438793e-02              4172s
   27720 DPushes remaining with DInf 1.8438793e-02              4177s
   27370 DPushes remaining with DInf 1.8438793e-02              4184s
   27030 DPushes remaining with DInf 1.8438793e-02              4192s
   26670 DPushes remaining with DInf 1.8438793e-02              4200s
   26340 DPushes remaining with DInf 1.8438793e-02              4207s
   26010 DPushes remaining with DInf 1.8438793e-02              4215s
   25670 DPushes remaining with DInf 1.8438793e-02              4222s
   25330 DPushes remaining with DInf 1.8438793e-02              4231s
   25000 DPushes remaining with DInf 1.8438793e-02              4238s
   24620 DPushes remaining with DInf 1.8438793e-02              4245s
   24290 DPushes remaining with DInf 1.8438793e-02              4252s
   23928 DPushes remaining with DInf 1.8438793e-02              4259s
   22825 DPushes remaining with DInf 1.8438793e-02              4265s
    5656 DPushes remaining with DInf 1.8438793e-02              4267s
    4557 DPushes remaining with DInf 1.8438793e-02              4273s
    3462 DPushes remaining with DInf 1.8438793e-02              4278s
     310 DPushes remaining with DInf 1.8438793e-02              4280s
       0 DPushes remaining with DInf 1.8438793e-02              4283s

  562291 PPushes remaining with PInf 3.9140144e-02              4286s
  290037 PPushes remaining with PInf 1.5186566e-02              4303s
  194787 PPushes remaining with PInf 1.4460848e-02              4321s
  152735 PPushes remaining with PInf 1.4204547e-02              4339s
  127733 PPushes remaining with PInf 1.4137942e-02              4356s
  110003 PPushes remaining with PInf 1.5277783e-02              4375s
   96672 PPushes remaining with PInf 3.3938018e-02              4396s
   85421 PPushes remaining with PInf 3.3912231e-02              4419s
   76240 PPushes remaining with PInf 3.3891425e-02              4436s
   68260 PPushes remaining with PInf 3.3889280e-02              4450s
   61182 PPushes remaining with PInf 1.7777397e-01              4492s
   55682 PPushes remaining with PInf 1.7777397e-01              4504s
   51101 PPushes remaining with PInf 1.7777397e-01              4514s
   47395 PPushes remaining with PInf 1.7777396e-01              4525s
   44129 PPushes remaining with PInf 1.7751304e-01              4537s
   41105 PPushes remaining with PInf 1.7751300e-01              4549s
   38467 PPushes remaining with PInf 1.7750995e-01              4559s
   36029 PPushes remaining with PInf 1.7749232e-01              4569s
   33933 PPushes remaining with PInf 1.7748777e-01              4578s
   32818 PPushes remaining with PInf 1.7748777e-01              4597s
   29907 PPushes remaining with PInf 1.7747943e-01              4610s
   27190 PPushes remaining with PInf 1.7748416e-01              4640s
   23102 PPushes remaining with PInf 1.7748416e-01              4662s
   14951 PPushes remaining with PInf 1.7742791e-01              4722s
    5620 PPushes remaining with PInf 1.7742791e-01              4758s
      44 PPushes remaining with PInf 1.7716009e-01              4774s
       0 PPushes remaining with PInf 1.7716009e-01              4786s

  Push phase complete: Pinf 1.7716009e-01, Dinf 3.2697062e+01   4788s

Iteration    Objective       Primal Inf.    Dual Inf.      Time
 1402042    1.6620374e+07   0.000000e+00   3.269706e+01   4795s
 1402282    1.6620374e+07   0.000000e+00   7.283473e+00   4880s
 1403384    1.6620374e+07   0.000000e+00   2.974181e-01   4966s
 1404479    1.6620374e+07   0.000000e+00   2.729336e-01   4982s
 1412432    1.6620374e+07   0.000000e+00   1.139277e-01   5006s
 1413919    1.6620374e+07   0.000000e+00   9.164904e-02   5018s
 1419768    1.6620374e+07   0.000000e+00   3.314744e-02   5033s
 1420866    1.6620374e+07   0.000000e+00   2.757091e-02   5044s
 1426386    1.6620374e+07   0.000000e+00   2.637526e-05   5058s
 1427317    1.6620374e+07   0.000000e+00   0.000000e+00   5094s
 1427317    1.6620374e+07   3.530718e-05   1.022222e+08   5133s
Extra 31 simplex iterations after uncrush
 1427370    1.6620374e+07   0.000000e+00   0.000000e+00   5213s

Solved with barrier
Solved in 1427370 iterations and 5217.73 seconds
Optimal objective  1.662037376e+07
Freed default Gurobi environment

