Solver command line: ['/home/vres/opt/gurobi800/linux64/bin/gurobi.sh']

Academic license - for non-commercial use only
Changed value of parameter QCPDual to 1
   Prev: 0  Min: 0  Max: 1  Default: 0
Changed value of parameter threads to 32
   Prev: 0  Min: 0  Max: 1024  Default: 0
Parameter method unchanged
   Value: -1  Min: -1  Max: 5  Default: -1
Parameter crossover unchanged
   Value: -1  Min: -1  Max: 5  Default: -1
Optimize a model with 10582088 rows, 5808406 columns and 24560489 nonzeros
Coefficient statistics:
  Matrix range     [1e-06, 4e+02]
  Objective range  [1e-05, 7e+06]
  Bounds range     [3e-06, 5e+06]
  RHS range        [3e-06, 8e+06]

Concurrent LP optimizer: primal simplex, dual simplex, and barrier
Showing barrier log only...

Presolve removed 4058664 rows and 47 columns (presolve time = 6s) ...
Presolve removed 4461640 rows and 835029 columns (presolve time = 13s) ...
Presolve removed 4461640 rows and 835029 columns (presolve time = 19s) ...
Presolve removed 4466611 rows and 840000 columns (presolve time = 22s) ...
Presolve removed 4847080 rows and 1220469 columns (presolve time = 32s) ...
Presolve removed 4847080 rows and 1220469 columns (presolve time = 38s) ...
Presolve removed 4847080 rows and 1220469 columns (presolve time = 43s) ...
Presolve removed 4847081 rows and 1220469 columns (presolve time = 48s) ...
Presolve removed 4847081 rows and 1220469 columns
Presolve time: 54.03s
Presolved: 5735007 rows, 4587938 columns, 18300098 nonzeros

Ordering time: 3.83s

Barrier statistics:
 Dense cols : 479
 Free vars  : 306600
 AA' NZ     : 2.072e+07
 Factor NZ  : 1.292e+08 (roughly 5.0 GBytes of memory)
 Factor Ops : 1.929e+10 (roughly 2 seconds per iteration)
 Threads    : 30

                  Objective                Residual
Iter       Primal          Dual         Primal    Dual     Compl     Time
   0   3.05008190e+10 -6.79919545e+10  4.60e+10 3.75e+00  8.56e+07    88s
   1   3.04173668e+10 -1.33029944e+11  4.49e+10 6.69e+02  6.42e+07   102s
   2   2.90344170e+10 -1.56416114e+11  3.92e+10 6.94e+02  5.59e+07   120s
   3   2.74903831e+10 -2.03223405e+11  3.39e+10 6.24e+02  4.57e+07   142s
   4   2.59302762e+10 -6.85864395e+11  2.95e+10 2.65e+02  3.29e+07   156s
   5   2.22851210e+10 -9.59639910e+11  2.24e+10 9.81e+01  2.35e+07   168s
   6   1.85065959e+10 -1.03441971e+12  1.59e+10 4.30e+01  1.64e+07   179s
   7   1.54537155e+10 -1.00013107e+12  1.12e+10 1.42e+01  1.14e+07   189s
   8   1.36336956e+10 -8.75183341e+11  6.64e+09 4.39e+00  6.71e+06   203s
   9   1.29558926e+10 -7.54794710e+11  3.66e+09 1.65e+00  3.71e+06   220s
  10   1.26699959e+10 -6.13237975e+11  2.31e+09 4.81e-01  2.30e+06   233s
  11   1.04132811e+10 -4.57145670e+11  3.58e+08 1.07e-01  3.87e+05   245s
  12   1.06605767e+10 -3.87051615e+11  3.51e+08 6.16e-02  3.63e+05   262s
  13   1.25561959e+10 -3.15947148e+11  2.29e+08 2.65e-02  2.37e+05   273s
  14   1.33570153e+10 -2.60738022e+11  2.12e+08 1.34e-02  2.01e+05   288s
  15   1.35685026e+10 -2.28958130e+11  1.85e+08 9.87e-03  1.73e+05   302s
  16   1.35672726e+10 -1.85810417e+11  1.59e+08 7.44e-03  1.41e+05   317s
  17   1.49507923e+10 -1.47557336e+11  1.26e+08 5.63e-03  1.07e+05   335s
  18   1.26405198e+10 -1.13439265e+11  6.19e+07 4.65e-03  5.59e+04   349s
  19   1.21157280e+10 -7.90923322e+10  5.16e+07 3.37e-03  4.30e+04   361s
  20   9.41078924e+09 -7.27774995e+10  3.82e+07 3.22e-03  3.30e+04   372s
  21   8.70281018e+09 -3.63602126e+10  2.75e+07 1.85e-03  2.10e+04   384s
  22   7.75382649e+09 -3.17763287e+10  2.31e+07 1.75e-03  1.73e+04   399s
  23   7.25134382e+09 -2.20229281e+10  2.00e+07 1.55e-03  1.41e+04   410s
  24   5.73974564e+09 -1.53826624e+10  1.28e+07 1.33e-03  9.07e+03   424s
  25   4.95980672e+09 -1.47886781e+10  1.05e+07 1.30e-03  7.68e+03   436s
  26   4.21686730e+09 -1.20139600e+10  8.77e+06 1.15e-03  6.04e+03   449s
  27   3.17424313e+09 -7.75214985e+09  6.10e+06 1.38e-03  3.95e+03   467s
  28   9.29148477e+08 -5.49179218e+09  1.27e+06 1.40e-03  1.22e+03   481s
  29   8.53652283e+08 -3.31543351e+09  1.12e+06 1.44e-03  8.37e+02   492s
  30   5.27893215e+08 -2.07938660e+09  5.34e+05 1.70e-03  4.33e+02   503s
  31   3.84540484e+08 -1.49023944e+09  3.50e+05 2.06e-03  2.87e+02   514s
  32   3.52201706e+08 -1.27316991e+09  3.12e+05 2.03e-03  2.45e+02   528s
  33   3.43064842e+08 -1.11567909e+09  3.02e+05 2.02e-03  2.22e+02   539s
  34   2.87521023e+08 -7.40269036e+08  2.42e+05 2.31e-03  1.54e+02   553s
  35   2.02930645e+08 -3.18516908e+08  1.48e+05 3.43e-03  7.75e+01   570s
  36   1.49387291e+08 -1.30856791e+08  1.01e+05 5.32e-03  4.25e+01   584s
  37   1.32229356e+08 -1.01669489e+08  8.71e+04 5.08e-03  3.55e+01   595s
  38   1.11620036e+08 -6.98439560e+07  7.00e+04 5.21e-03  2.74e+01   606s
  39   8.74741159e+07 -3.56322381e+07  5.09e+04 5.00e-03  1.86e+01   616s
  40   7.70769689e+07 -2.45090984e+07  4.27e+04 4.52e-03  1.52e+01   631s
  41   6.22809435e+07 -9.66593991e+06  3.16e+04 4.08e-03  1.07e+01   643s
  42   5.18464176e+07 -5.91608457e+06  2.46e+04 3.99e-03  8.45e+00   657s
  43   4.54402813e+07  8.06931117e+05  2.00e+04 3.70e-03  6.44e+00   674s
  44   4.09408927e+07  2.65916629e+06  1.67e+04 3.62e-03  5.43e+00   688s
  45   3.96997824e+07  6.01413014e+06  1.58e+04 3.30e-03  4.83e+00   699s
  46   3.65174239e+07  7.58643374e+06  1.34e+04 3.22e-03  4.09e+00   709s
  47   3.38903820e+07  1.00209825e+07  1.14e+04 3.26e-03  3.36e+00   721s
  48   3.03626425e+07  1.07802845e+07  9.05e+03 3.22e-03  2.71e+00   735s
  49   2.87981828e+07  1.08563227e+07  7.97e+03 3.21e-03  2.45e+00   747s
  50   2.77414263e+07  1.12759040e+07  7.19e+03 3.09e-03  2.23e+00   762s
  51   2.61518569e+07  1.33409939e+07  6.04e+03 2.14e-03  1.70e+00   783s
  52   2.42803609e+07  1.37151076e+07  4.71e+03 1.93e-03  1.36e+00   801s
  53   2.37918496e+07  1.37788690e+07  4.38e+03 1.91e-03  1.28e+00   812s
  54   2.27974802e+07  1.41818380e+07  3.67e+03 1.71e-03  1.09e+00   824s
  55   2.23878733e+07  1.42843406e+07  3.40e+03 1.65e-03  1.01e+00   835s
  56   2.14097789e+07  1.45984812e+07  2.75e+03 1.45e-03  8.31e-01   849s
  57   2.08788530e+07  1.46592569e+07  2.42e+03 1.41e-03  7.48e-01   860s
  58   2.04544138e+07  1.50535481e+07  2.15e+03 1.16e-03  6.39e-01   877s
  59   2.02589237e+07  1.51626237e+07  2.03e+03 1.09e-03  5.99e-01   888s
  60   1.97827270e+07  1.52478380e+07  1.74e+03 1.03e-03  5.23e-01   902s
  61   1.95080276e+07  1.54454204e+07  1.57e+03 8.87e-04  4.59e-01   924s
  62   1.90768239e+07  1.54644574e+07  1.32e+03 8.49e-04  3.99e-01   940s
  63   1.88982448e+07  1.55590882e+07  1.20e+03 7.77e-04  3.64e-01   953s
  64   1.88161302e+07  1.56809752e+07  1.15e+03 6.78e-04  3.38e-01   965s
  65   1.87045245e+07  1.57024822e+07  1.09e+03 6.59e-04  3.21e-01   978s
  66   1.86121743e+07  1.57409345e+07  1.03e+03 6.28e-04  3.05e-01   993s
  67   1.84643498e+07  1.57822027e+07  9.44e+02 5.94e-04  2.81e-01  1004s
  68   1.83801505e+07  1.58161058e+07  8.95e+02 5.66e-04  2.66e-01  1019s
  69   1.81496836e+07  1.58880359e+07  7.58e+02 5.08e-04  2.28e-01  1038s
  70   1.80043735e+07  1.59306007e+07  6.75e+02 4.71e-04  2.05e-01  1053s
  71   1.79541852e+07  1.59541954e+07  6.46e+02 4.50e-04  1.96e-01  1064s
  72   1.79172804e+07  1.59690032e+07  6.25e+02 4.37e-04  1.90e-01  1076s
  73   1.78613853e+07  1.59857013e+07  5.93e+02 4.24e-04  1.81e-01  1088s
  74   1.77467077e+07  1.60482436e+07  5.26e+02 3.89e-04  1.60e-01  1102s
  75   1.77022250e+07  1.60676064e+07  5.01e+02 3.77e-04  1.52e-01  1114s
  76   1.76381897e+07  1.60890811e+07  4.64e+02 3.62e-04  1.42e-01  1128s
  77   1.76127510e+07  1.61076267e+07  4.49e+02 3.49e-04  1.37e-01  1144s
  78   1.76014473e+07  1.61138713e+07  4.43e+02 3.44e-04  1.35e-01  1159s
  79   1.75817978e+07  1.61189200e+07  4.32e+02 3.41e-04  1.32e-01  1171s
  80   1.75614525e+07  1.61228624e+07  4.21e+02 3.38e-04  1.29e-01  1182s
  81   1.74858805e+07  1.61633323e+07  3.82e+02 3.07e-04  1.15e-01  1196s
  82   1.73939834e+07  1.62080781e+07  3.34e+02 2.73e-04  9.96e-02  1215s
  83   1.73454415e+07  1.62157454e+07  3.09e+02 2.65e-04  9.34e-02  1229s
  84   1.73168066e+07  1.62349927e+07  2.94e+02 2.46e-04  8.80e-02  1240s
  85   1.72962412e+07  1.62509698e+07  2.84e+02 2.29e-04  8.38e-02  1251s
  86   1.72649068e+07  1.62615430e+07  2.69e+02 2.18e-04  7.93e-02  1262s
  87   1.72285149e+07  1.62747993e+07  2.51e+02 2.04e-04  7.39e-02  1277s
  88   1.72156843e+07  1.62775519e+07  2.45e+02 2.01e-04  7.22e-02  1289s
  89   1.71793587e+07  1.62938413e+07  2.28e+02 1.87e-04  6.65e-02  1304s
  90   1.71645940e+07  1.63049455e+07  2.21e+02 1.77e-04  6.37e-02  1322s
  91   1.71281302e+07  1.63113864e+07  2.04e+02 1.71e-04  5.92e-02  1337s
  92   1.71122162e+07  1.63212478e+07  1.97e+02 1.61e-04  5.64e-02  1348s
  93   1.71023100e+07  1.63258624e+07  1.92e+02 1.56e-04  5.49e-02  1360s
  94   1.70759324e+07  1.63316362e+07  1.79e+02 1.50e-04  5.15e-02  1372s
  95   1.70507010e+07  1.63384157e+07  1.68e+02 1.42e-04  4.82e-02  1386s
  96   1.70312757e+07  1.63426874e+07  1.57e+02 1.38e-04  4.56e-02  1397s
  97   1.69886051e+07  1.63614938e+07  1.39e+02 1.18e-04  3.93e-02  1413s
  98   1.69551704e+07  1.63738215e+07  1.25e+02 1.05e-04  3.45e-02  1432s
  99   1.69369648e+07  1.63807128e+07  1.16e+02 9.72e-05  3.20e-02  1446s
 100   1.69203162e+07  1.63842420e+07  1.09e+02 9.27e-05  3.01e-02  1458s
 101   1.68949565e+07  1.63899859e+07  9.82e+01 8.55e-05  2.71e-02  1469s
 102   1.68885451e+07  1.63925690e+07  9.56e+01 8.21e-05  2.62e-02  1481s
 103   1.68661584e+07  1.63979746e+07  8.67e+01 7.52e-05  2.36e-02  1495s
 104   1.68604211e+07  1.64019619e+07  8.44e+01 6.96e-05  2.26e-02  1506s
 105   1.68399512e+07  1.64064488e+07  7.65e+01 6.36e-05  2.03e-02  1521s
 106   1.68365701e+07  1.64075763e+07  7.52e+01 6.19e-05  1.99e-02  1533s
 107   1.68249861e+07  1.64105000e+07  7.07e+01 5.77e-05  1.86e-02  1548s
 108   1.67936674e+07  1.64149608e+07  5.85e+01 5.16e-05  1.55e-02  1566s
 109   1.67696813e+07  1.64176238e+07  4.96e+01 4.78e-05  1.35e-02  1583s
 110   1.67571386e+07  1.64192927e+07  4.53e+01 4.51e-05  1.24e-02  1597s
 111   1.67412627e+07  1.64214153e+07  4.00e+01 4.17e-05  1.11e-02  1608s
 112   1.67307762e+07  1.64248616e+07  3.67e+01 3.60e-05  9.98e-03  1622s
 113   1.67179775e+07  1.64262779e+07  3.29e+01 3.36e-05  9.00e-03  1636s
 114   1.67165760e+07  1.64270393e+07  3.25e+01 3.23e-05  8.82e-03  1648s
 115   1.67109291e+07  1.64277974e+07  3.09e+01 3.11e-05  8.39e-03  1663s
 116   1.67081194e+07  1.64285889e+07  3.01e+01 2.99e-05  8.12e-03  1681s
 117   1.67060892e+07  1.64297662e+07  2.91e+01 2.81e-05  7.81e-03  1696s
 118   1.67006066e+07  1.64304766e+07  2.72e+01 2.69e-05  7.36e-03  1708s
 119   1.66966027e+07  1.64311502e+07  2.60e+01 2.58e-05  7.05e-03  1719s
 120   1.66881411e+07  1.64327949e+07  2.39e+01 2.28e-05  6.42e-03  1730s
 121   1.66844622e+07  1.64342709e+07  2.29e+01 2.77e-05  6.05e-03  1745s
 122   1.66770076e+07  1.64351519e+07  2.09e+01 2.11e-05  5.56e-03  1756s
 123   1.66650981e+07  1.64363823e+07  1.81e+01 2.05e-05  4.80e-03  1770s
 124   1.66489476e+07  1.64368082e+07  1.45e+01 2.01e-05  3.96e-03  1788s
 125   1.66465935e+07  1.64382332e+07  1.40e+01 1.74e-05  3.70e-03  1803s
 126   1.66389627e+07  1.64392063e+07  1.25e+01 1.51e-05  3.27e-03  1815s
 127   1.66332136e+07  1.64396367e+07  1.14e+01 1.41e-05  3.01e-03  1826s
 128   1.66310592e+07  1.64397826e+07  1.10e+01 1.38e-05  2.92e-03  1838s
 129   1.66238301e+07  1.64406954e+07  9.82e+00 1.23e-05  2.55e-03  1855s
 130   1.66183547e+07  1.64409393e+07  8.93e+00 1.19e-05  2.36e-03  1867s
 131   1.66077038e+07  1.64418276e+07  7.28e+00 9.95e-06  1.93e-03  1884s
 132   1.66039120e+07  1.64424778e+07  6.42e+00 9.09e-06  1.72e-03  1902s
 133   1.65934980e+07  1.64429381e+07  5.04e+00 7.69e-06  1.42e-03  1917s
 134   1.65902972e+07  1.64430032e+07  4.71e+00 7.54e-06  1.34e-03  1929s
 135   1.65855232e+07  1.64431356e+07  4.21e+00 7.28e-06  1.23e-03  1940s
 136   1.65803368e+07  1.64434666e+07  3.67e+00 6.51e-06  1.12e-03  1953s
 137   1.65799438e+07  1.64435408e+07  3.64e+00 6.34e-06  1.10e-03  1968s
 138   1.65792689e+07  1.64436255e+07  3.59e+00 6.14e-06  1.08e-03  1980s
 139   1.65658559e+07  1.64440222e+07  2.49e+00 5.02e-06  8.07e-04  1996s
 140   1.65639074e+07  1.64444349e+07  2.38e+00 4.04e-06  7.43e-04  2008s
 141   1.65625402e+07  1.64445111e+07  2.30e+00 3.87e-06  7.17e-04  2026s
 142   1.65573912e+07  1.64447409e+07  2.00e+00 3.35e-06  6.22e-04  2049s
 143   1.65550469e+07  1.64448047e+07  1.89e+00 3.21e-06  5.88e-04  2065s
 144   1.65526253e+07  1.64449278e+07  1.77e+00 2.92e-06  5.48e-04  2077s
 145   1.65457654e+07  1.64451427e+07  1.47e+00 2.43e-06  4.53e-04  2090s
 146   1.65401885e+07  1.64451729e+07  1.26e+00 2.35e-06  4.00e-04  2102s
 147   1.65367500e+07  1.64455501e+07  1.13e+00 1.81e-06  3.34e-04  2116s
 148   1.65329616e+07  1.64456017e+07  1.03e+00 1.75e-06  3.01e-04  2135s
 149   1.65235215e+07  1.64457173e+07  7.54e-01 1.50e-06  2.30e-04  2152s
 150   1.65214553e+07  1.64457678e+07  7.32e-01 1.38e-06  2.20e-04  2166s
 151   1.65178041e+07  1.64458163e+07  6.67e-01 1.30e-06  1.98e-04  2177s
 152   1.65121170e+07  1.64458337e+07  5.74e-01 1.28e-06  1.72e-04  2189s
 153   1.65098987e+07  1.64458792e+07  5.43e-01 1.21e-06  1.59e-04  2206s
 154   1.65065345e+07  1.64459272e+07  4.97e-01 1.14e-06  1.42e-04  2226s
 155   1.65045529e+07  1.64459393e+07  4.72e-01 1.11e-06  1.35e-04  2241s
 156   1.65036202e+07  1.64459450e+07  4.60e-01 1.10e-06  1.31e-04  2253s
 157   1.65033874e+07  1.64459535e+07  4.57e-01 1.08e-06  1.30e-04  2266s
 158   1.65025623e+07  1.64459595e+07  4.46e-01 1.06e-06  1.26e-04  2277s
 159   1.65016450e+07  1.64459670e+07  4.34e-01 1.05e-06  1.23e-04  2292s
 160   1.64982733e+07  1.64459828e+07  3.89e-01 1.00e-06  1.12e-04  2304s
 161   1.64959712e+07  1.64460338e+07  3.63e-01 8.14e-07  1.00e-04  2318s
 162   1.64930511e+07  1.64460528e+07  3.30e-01 7.35e-07  9.03e-05  2331s
 163   1.64913124e+07  1.64460805e+07  3.13e-01 6.06e-07  8.34e-05  2349s
 164   1.64886290e+07  1.64461044e+07  2.87e-01 4.88e-07  7.46e-05  2370s
 165   1.64855514e+07  1.64461069e+07  2.55e-01 4.72e-07  6.69e-05  2386s
 166   1.64853897e+07  1.64461078e+07  2.52e-01 4.69e-07  6.62e-05  2401s
 167   1.64851539e+07  1.64461105e+07  2.49e-01 4.57e-07  6.55e-05  2413s
 168   1.64846644e+07  1.64461152e+07  2.43e-01 4.37e-07  6.41e-05  2426s
 169   1.64842653e+07  1.64461164e+07  2.37e-01 4.33e-07  6.27e-05  2441s
 170   1.64840113e+07  1.64461204e+07  2.33e-01 4.17e-07  6.16e-05  2460s
 171   1.64832727e+07  1.64461332e+07  2.23e-01 3.71e-07  5.83e-05  2475s
 172   1.64817635e+07  1.64461382e+07  2.03e-01 3.53e-07  5.32e-05  2486s
 173   1.64814717e+07  1.64461402e+07  1.99e-01 3.46e-07  5.22e-05  2498s
 174   1.64813680e+07  1.64461408e+07  1.98e-01 3.44e-07  5.19e-05  2511s
 175   1.64808343e+07  1.64461441e+07  1.92e-01 3.33e-07  5.02e-05  2527s
 176   1.64800424e+07  1.64461501e+07  1.83e-01 3.11e-07  4.77e-05  2541s
 177   1.64788732e+07  1.64461658e+07  1.70e-01 2.60e-07  4.37e-05  2556s
 178   1.64780537e+07  1.64461671e+07  1.60e-01 2.56e-07  4.12e-05  2572s
 179   1.64780409e+07  1.64461698e+07  1.57e-01 2.47e-07  4.40e-05  2587s
 180   1.64780030e+07  1.64461702e+07  1.57e-01 2.45e-07  4.40e-05  2600s
 181   1.64779796e+07  1.64461705e+07  1.57e-01 2.45e-07  4.40e-05  2614s
 182   1.64762948e+07  1.64461908e+07  1.29e-01 1.80e-07  4.57e-05  2652s
 183   1.64754639e+07  1.64462005e+07  1.15e-01 1.56e-07  4.25e-05  2681s
 184   1.64749539e+07  1.64462057e+07  1.07e-01 1.44e-07  3.98e-05  2709s
 185   1.64743487e+07  1.64462089e+07  9.89e-02 1.38e-07  3.62e-05  2743s
 186   1.64735176e+07  1.64462139e+07  8.77e-02 1.28e-07  3.17e-05  2767s
 187   1.64730972e+07  1.64462169e+07  8.26e-02 1.22e-07  2.98e-05  2788s
 188   1.64730271e+07  1.64462174e+07  8.18e-02 1.22e-07  2.95e-05  2806s
 189   1.64729365e+07  1.64462196e+07  8.08e-02 1.18e-07  2.91e-05  2824s
 190   3.05008190e+10 -6.79919545e+10  4.60e+10 3.75e+00  8.56e+07  2850s
 191   3.04233796e+10 -1.70824898e+11  4.49e+10 1.13e+03  6.91e+07  2862s
 192   3.00340448e+10 -1.80565838e+11  4.32e+10 1.05e+03  5.86e+07  2873s
 193   2.91475416e+10 -2.49004169e+11  3.96e+10 6.63e+02  4.81e+07  2885s
 194   2.64844745e+10 -3.39975428e+11  3.20e+10 4.19e+02  3.70e+07  2896s
 195   2.36213156e+10 -9.43743040e+11  2.55e+10 1.38e+02  2.68e+07  2908s
 196   1.85623565e+10 -1.03832720e+12  1.68e+10 5.62e+01  1.73e+07  2919s
 197   1.52734013e+10 -1.00157417e+12  1.12e+10 1.57e+01  1.12e+07  2930s
 198   1.30087183e+10 -9.16446365e+11  7.47e+09 7.37e+00  7.45e+06  2941s
 199   1.11320956e+10 -8.06017188e+11  4.11e+09 3.32e+00  4.10e+06  2954s
 200   1.15578751e+10 -6.95633408e+11  2.69e+09 1.55e+00  2.67e+06  2965s
 201   1.13769138e+10 -5.98194433e+11  1.88e+09 7.62e-01  1.86e+06  2978s
 202   1.11802632e+10 -4.89088529e+11  1.15e+09 2.87e-01  1.13e+06  2988s
 203   1.24366782e+10 -3.92359235e+11  4.27e+08 8.46e-02  4.31e+05  3001s
 204   1.41193837e+10 -3.19910491e+11  3.70e+08 2.75e-02  3.56e+05  3013s
 205   1.20305493e+10 -2.93132621e+11  2.65e+08 1.81e-02  2.58e+05  3024s
 206   1.29672997e+10 -2.64134169e+11  2.50e+08 1.19e-02  2.37e+05  3036s
 207   1.44082963e+10 -2.35956331e+11  2.26e+08 1.03e-02  2.11e+05  3047s
 208   1.72341937e+10 -2.30964675e+11  1.71e+08 9.99e-03  1.66e+05  3059s
 209   1.58292588e+10 -2.24517841e+11  1.50e+08 9.63e-03  1.47e+05  3070s
 210   1.57473902e+10 -2.05790154e+11  1.45e+08 8.66e-03  1.40e+05  3082s
 211   1.42216210e+10 -1.72951341e+11  7.88e+07 7.26e-03  8.16e+04  3093s
 212   1.37185547e+10 -1.06122743e+11  6.46e+07 4.24e-03  5.91e+04  3104s
 213   8.89719780e+09 -8.70565491e+10  3.66e+07 3.45e-03  3.57e+04  3116s
 214   8.37584689e+09 -6.67147842e+10  3.24e+07 2.64e-03  2.98e+04  3127s
 215   7.55739161e+09 -5.37557656e+10  2.86e+07 2.14e-03  2.52e+04  3138s
 216   7.26106545e+09 -3.96021158e+10  2.46e+07 1.63e-03  2.05e+04  3150s
 217   6.61959531e+09 -2.85810462e+10  2.12e+07 1.31e-03  1.67e+04  3161s
 218   5.82664254e+09 -2.28313211e+10  1.76e+07 1.18e-03  1.36e+04  3172s
 219   4.86953508e+09 -1.43167191e+10  1.43e+07 9.31e-04  1.03e+04  3184s
 220   3.66788913e+09 -1.09781065e+10  9.65e+06 9.23e-04  6.98e+03  3195s
 221   2.07358503e+09 -7.85914085e+09  3.86e+06 9.92e-04  3.14e+03  3207s
 222   9.06739153e+08 -5.94147584e+09  1.33e+06 1.00e-03  1.39e+03  3219s
 223   8.51374252e+08 -3.74977528e+09  1.21e+06 1.06e-03  1.02e+03  3231s
 224   8.06466793e+08 -2.81385038e+09  1.13e+06 1.18e-03  8.38e+02  3242s
 225   4.66989860e+08 -1.90943651e+09  5.16e+05 1.68e-03  4.32e+02  3255s
 226   4.35387577e+08 -1.31657787e+09  4.70e+05 1.90e-03  3.30e+02  3266s
 227   3.05384217e+08 -1.03568931e+09  2.94e+05 1.98e-03  2.25e+02  3278s
 228   2.61956137e+08 -9.86787294e+08  2.45e+05 1.95e-03  2.00e+02  3290s
 229   2.26141571e+08 -6.54689623e+08  1.87e+05 2.00e-03  1.40e+02  3301s
 230   2.04252348e+08 -5.72539270e+08  1.66e+05 2.12e-03  1.22e+02  3312s
 231   1.91613538e+08 -2.69704704e+08  1.54e+05 3.58e-03  8.07e+01  3324s
 232   1.45938604e+08 -1.46263795e+08  1.08e+05 5.32e-03  5.13e+01  3335s
 233   1.22387187e+08 -1.03485216e+08  8.57e+04 5.12e-03  3.94e+01  3347s
 234   8.83220224e+07 -5.03241170e+07  5.53e+04 5.23e-03  2.40e+01  3358s
 235   7.81195037e+07 -2.81744797e+07  4.66e+04 4.09e-03  1.87e+01  3370s
 236   6.90578748e+07 -1.91906555e+07  3.94e+04 4.12e-03  1.55e+01  3380s
 237   6.69274306e+07 -1.56955498e+07  3.77e+04 4.12e-03  1.46e+01  3392s
 238   5.62170552e+07 -8.81505950e+06  2.96e+04 4.18e-03  1.13e+01  3404s
 239   5.09525429e+07 -4.11445531e+06  2.56e+04 4.03e-03  9.56e+00  3415s
 240   4.44529641e+07 -8.44179997e+05  2.05e+04 3.90e-03  7.72e+00  3426s
 241   4.37803453e+07 -7.23150488e+05  2.01e+04 3.88e-03  7.56e+00  3437s
 242   4.02909097e+07  1.57682002e+06  1.73e+04 3.62e-03  6.51e+00  3448s
 243   3.79217103e+07  3.76568763e+06  1.54e+04 3.42e-03  5.72e+00  3460s
 244   3.56641700e+07  4.53351175e+06  1.38e+04 3.31e-03  5.14e+00  3474s
 245   3.54640188e+07  5.27501089e+06  1.36e+04 3.20e-03  5.00e+00  3486s
 246   3.12845502e+07  8.52728650e+06  1.02e+04 3.16e-03  3.67e+00  3501s
 247   2.98661677e+07  1.04282680e+07  9.17e+03 3.10e-03  3.15e+00  3519s
 248   2.81978854e+07  1.05106887e+07  7.97e+03 3.04e-03  2.81e+00  3534s
 249   2.60754154e+07  1.08020210e+07  6.44e+03 2.93e-03  2.36e+00  3545s
 250   2.57821953e+07  1.25454901e+07  6.13e+03 2.32e-03  2.07e+00  3556s
 251   2.49888283e+07  1.31659574e+07  5.52e+03 1.98e-03  1.83e+00  3568s
 252   2.29306604e+07  1.32826081e+07  4.04e+03 2.05e-03  1.43e+00  3582s
 253   2.23774525e+07  1.37127849e+07  3.62e+03 1.83e-03  1.27e+00  3593s
 254   2.19679920e+07  1.38041013e+07  3.34e+03 1.78e-03  1.19e+00  3608s
 255   2.12634705e+07  1.42200730e+07  2.87e+03 1.50e-03  1.01e+00  3626s
 256   2.10634252e+07  1.42784165e+07  2.73e+03 1.47e-03  9.65e-01  3640s
 257   2.07166768e+07  1.43687546e+07  2.50e+03 1.41e-03  8.93e-01  3652s
 258   2.05194000e+07  1.45502616e+07  2.37e+03 1.30e-03  8.35e-01  3664s
 259   2.04172746e+07  1.47015501e+07  2.31e+03 1.22e-03  7.98e-01  3676s
 260   1.99247497e+07  1.48126522e+07  1.99e+03 1.14e-03  7.00e-01  3691s
 261   1.97477067e+07  1.49195272e+07  1.87e+03 1.05e-03  6.56e-01  3704s
 262   1.94554846e+07  1.51451361e+07  1.69e+03 8.64e-04  5.75e-01  3718s
 263   1.92712118e+07  1.52616264e+07  1.57e+03 7.85e-04  5.29e-01  3730s
 264   1.90604119e+07  1.54003243e+07  1.43e+03 7.11e-04  4.76e-01  3745s
 265   1.85210804e+07  1.55606210e+07  1.10e+03 6.29e-04  3.70e-01  3764s
 266   1.83256278e+07  1.56266313e+07  9.80e+02 5.97e-04  3.32e-01  3778s
 267   1.82068627e+07  1.56884025e+07  9.05e+02 5.59e-04  3.06e-01  3790s
 268   1.80937905e+07  1.57368664e+07  8.33e+02 5.28e-04  2.83e-01  3801s
 269   1.79790457e+07  1.57907813e+07  7.64e+02 4.97e-04  2.59e-01  3813s
 270   1.78772184e+07  1.58242546e+07  7.03e+02 4.76e-04  2.40e-01  3827s
 271   1.77361814e+07  1.58726211e+07  6.17e+02 4.40e-04  2.14e-01  3839s
 272   1.76684202e+07  1.59123220e+07  5.75e+02 4.17e-04  1.99e-01  3853s
 273   1.74885992e+07  1.59884226e+07  4.66e+02 3.75e-04  1.64e-01  3871s
 274   1.73823960e+07  1.60449581e+07  4.04e+02 3.41e-04  1.42e-01  3887s
 275   1.73393760e+07  1.60538527e+07  3.79e+02 3.36e-04  1.36e-01  3898s
 276   1.73208628e+07  1.60682639e+07  3.69e+02 3.28e-04  1.31e-01  3909s
 277   1.72867251e+07  1.60996290e+07  3.49e+02 3.06e-04  1.23e-01  3921s
 278   1.72627609e+07  1.61341078e+07  3.36e+02 2.81e-04  1.16e-01  3934s
 279   1.72095503e+07  1.61523093e+07  3.06e+02 2.64e-04  1.06e-01  3946s
 280   1.71384080e+07  1.61580992e+07  2.67e+02 2.61e-04  9.67e-02  3960s
 281   1.70905016e+07  1.62041495e+07  2.42e+02 2.34e-04  8.49e-02  3978s
 282   1.70531321e+07  1.62348350e+07  2.23e+02 2.10e-04  7.66e-02  3992s
 283   1.70183642e+07  1.62433635e+07  2.05e+02 2.03e-04  7.15e-02  4004s
 284   1.69958787e+07  1.62523658e+07  1.94e+02 1.95e-04  6.78e-02  4015s
 285   1.69856516e+07  1.62662221e+07  1.89e+02 1.83e-04  6.49e-02  4027s
 286   1.69340335e+07  1.62775445e+07  1.64e+02 1.75e-04  5.77e-02  4041s
 287   1.69282659e+07  1.62922931e+07  1.61e+02 1.62e-04  5.53e-02  4053s
 288   1.68953158e+07  1.62981056e+07  1.46e+02 1.54e-04  5.09e-02  4067s
 289   1.68782292e+07  1.63244251e+07  1.38e+02 1.33e-04  4.58e-02  4085s
 290   1.68129230e+07  1.63345109e+07  1.08e+02 1.24e-04  3.76e-02  4100s
 291   1.68015534e+07  1.63380729e+07  1.02e+02 1.20e-04  3.60e-02  4111s
 292   1.67810868e+07  1.63550479e+07  9.33e+01 1.04e-04  3.19e-02  4122s
 293   1.67738873e+07  1.63613359e+07  9.01e+01 9.79e-05  3.04e-02  4134s
 294   1.67455577e+07  1.63727531e+07  7.85e+01 8.60e-05  2.63e-02  4149s
 295   1.67408183e+07  1.63781066e+07  7.66e+01 8.01e-05  2.52e-02  4160s
 296   1.67211019e+07  1.63838111e+07  6.88e+01 7.46e-05  2.27e-02  4175s
 297   1.67165949e+07  1.63860584e+07  6.70e+01 7.23e-05  2.20e-02  4186s
 298   1.67070759e+07  1.63894884e+07  6.33e+01 6.88e-05  2.07e-02  4203s
 299   1.67014049e+07  1.63916609e+07  6.11e+01 6.65e-05  2.00e-02  4225s
 300   1.66856237e+07  1.63975427e+07  5.49e+01 6.07e-05  1.79e-02  4240s
 301   1.66790190e+07  1.63981358e+07  5.24e+01 6.00e-05  1.73e-02  4251s
 302   1.66723771e+07  1.63995630e+07  4.98e+01 5.85e-05  1.65e-02  4262s
 303   1.66702108e+07  1.64009536e+07  4.91e+01 5.69e-05  1.62e-02  4273s
 304   1.66631447e+07  1.64028552e+07  4.63e+01 5.49e-05  1.54e-02  4288s
 305   1.66523033e+07  1.64061087e+07  4.21e+01 5.07e-05  1.41e-02  4300s
 306   1.66384160e+07  1.64084958e+07  3.73e+01 4.76e-05  1.27e-02  4315s
 307   1.66274610e+07  1.64170183e+07  3.36e+01 4.35e-05  1.08e-02  4333s
 308   1.66179440e+07  1.64201921e+07  3.04e+01 3.91e-05  9.71e-03  4349s
 309   1.66133867e+07  1.64212817e+07  2.89e+01 3.74e-05  9.26e-03  4361s
 310   1.66115952e+07  1.64232676e+07  2.84e+01 3.42e-05  8.90e-03  4372s
 311   1.66069745e+07  1.64251473e+07  2.69e+01 3.13e-05  8.36e-03  4383s
 312   1.65971249e+07  1.64266344e+07  2.40e+01 2.91e-05  7.51e-03  4398s
 313   1.65897936e+07  1.64279264e+07  2.19e+01 2.69e-05  6.88e-03  4409s
 314   1.65808238e+07  1.64302843e+07  1.94e+01 2.53e-05  6.05e-03  4424s
 315   1.65692160e+07  1.64335109e+07  1.63e+01 2.28e-05  5.00e-03  4443s
 316   1.65663227e+07  1.64340864e+07  1.56e+01 2.23e-05  4.77e-03  4459s
 317   1.65622667e+07  1.64347290e+07  1.46e+01 2.17e-05  4.49e-03  4470s
 318   1.65598215e+07  1.64352075e+07  1.41e+01 2.12e-05  4.31e-03  4481s
 319   1.65577577e+07  1.64355737e+07  1.36e+01 2.08e-05  4.16e-03  4494s
 320   1.65516959e+07  1.64369566e+07  1.23e+01 1.90e-05  3.70e-03  4509s
 321   1.65476869e+07  1.64372840e+07  1.15e+01 1.85e-05  3.48e-03  4521s
 322   1.65442993e+07  1.64378442e+07  1.08e+01 1.77e-05  3.27e-03  4536s
 323   1.65382593e+07  1.64382551e+07  9.70e+00 1.70e-05  2.96e-03  4555s
 324   1.65315025e+07  1.64389190e+07  8.49e+00 1.59e-05  2.63e-03  4569s
 325   1.65243272e+07  1.64402662e+07  7.31e+00 1.31e-05  2.22e-03  4580s
 326   1.65223768e+07  1.64403870e+07  7.02e+00 1.29e-05  2.15e-03  4592s
 327   1.65188793e+07  1.64407596e+07  6.51e+00 1.20e-05  2.00e-03  4604s
 328   1.65109438e+07  1.64419993e+07  5.43e+00 1.05e-05  1.63e-03  4619s
 329   1.65049914e+07  1.64422233e+07  4.72e+00 1.01e-05  1.46e-03  4631s
 330   1.64965741e+07  1.64427013e+07  3.71e+00 9.10e-06  1.20e-03  4645s
 331   1.64911672e+07  1.64428786e+07  3.22e+00 8.67e-06  1.06e-03  4657s
 332   1.64879285e+07  1.64436527e+07  2.92e+00 7.05e-06  9.14e-04  4672s
 333   1.64820948e+07  1.64439755e+07  2.35e+00 6.26e-06  7.51e-04  4690s
 334   1.64920247e+07  1.64448283e+07  2.08e+00 4.12e-06  1.07e-03  4705s
 335   1.64912877e+07  1.64449500e+07  2.04e+00 3.76e-06  1.04e-03  4716s
 336   1.64897203e+07  1.64449718e+07  1.94e+00 3.70e-06  1.01e-03  4728s
 337   1.64827586e+07  1.64451639e+07  1.44e+00 3.12e-06  7.77e-04  4739s
 338   1.64816636e+07  1.64452839e+07  1.39e+00 2.72e-06  7.76e-04  4754s
 339   1.64799089e+07  1.64454476e+07  1.29e+00 2.25e-06  7.46e-04  4765s
 340   1.64793169e+07  1.64455071e+07  1.26e+00 2.19e-06  7.35e-04  4781s
 341   1.64775992e+07  1.64455431e+07  1.15e+00 2.14e-06  6.67e-04  4800s
 342   1.64758360e+07  1.64455918e+07  1.02e+00 2.09e-06  6.05e-04  4815s
 343   1.64754211e+07  1.64456986e+07  9.96e-01 2.02e-06  6.05e-04  4828s
 344   1.64743787e+07  1.64457183e+07  9.31e-01 2.00e-06  5.64e-04  4840s
 345   1.64727245e+07  1.64457393e+07  8.00e-01 1.98e-06  5.09e-04  4851s
 346   1.64719411e+07  1.64457784e+07  7.55e-01 1.95e-06  4.81e-04  4867s
 347   1.64712275e+07  1.64458221e+07  7.11e-01 1.91e-06  4.59e-04  4879s
 348   1.64688828e+07  1.64459500e+07  5.69e-01 1.85e-06  3.80e-04  4894s
 349   1.64683411e+07  1.64459730e+07  5.41e-01 1.79e-06  3.64e-04  4909s
 350   1.64677377e+07  1.64459830e+07  5.10e-01 1.78e-06  3.44e-04  4924s
 351   1.64666375e+07  1.64460026e+07  4.57e-01 1.72e-06  3.11e-04  4935s
 352   1.64651506e+07  1.64460222e+07  3.91e-01 1.63e-06  2.65e-04  4946s
 353   1.64649629e+07  1.64460376e+07  3.83e-01 1.58e-06  2.60e-04  4963s
 354   1.64631960e+07  1.64461228e+07  3.10e-01 1.31e-06  2.12e-04  4981s
 355   1.64619374e+07  1.64461627e+07  2.67e-01 1.13e-06  1.82e-04  4996s
 356   1.64614391e+07  1.64461650e+07  2.52e-01 1.12e-06  1.72e-04  5007s
 357   1.64600335e+07  1.64461793e+07  2.10e-01 1.05e-06  1.44e-04  5019s
 358   1.64598537e+07  1.64461866e+07  2.06e-01 1.02e-06  1.41e-04  5030s
 359   1.64598933e+07  1.64461893e+07  1.94e-01 1.00e-06  1.35e-04  5045s
 360   1.64609416e+07  1.64461969e+07  1.87e-01 9.66e-07  1.38e-04  5059s
 361   1.64602617e+07  1.64462067e+07  1.52e-01 7.47e-07  1.27e-04  5074s
 362   1.64601850e+07  1.64462093e+07  1.40e-01 7.37e-07  1.23e-04  5093s
 363   1.64596876e+07  1.64462150e+07  1.25e-01 7.04e-07  1.11e-04  5108s
 364   1.64597012e+07  1.64462289e+07  1.21e-01 6.15e-07  1.19e-04  5123s
 365   1.64595571e+07  1.64462314e+07  1.15e-01 5.99e-07  1.13e-04  5135s
 366   1.64595468e+07  1.64462340e+07  1.15e-01 5.84e-07  1.14e-04  5147s
 367   1.64594357e+07  1.64462390e+07  1.10e-01 5.50e-07  1.11e-04  5161s
 368   1.64588978e+07  1.64462487e+07  7.79e-02 5.03e-07  8.00e-05  5180s
 369   1.64586856e+07  1.64462635e+07  6.36e-02 3.91e-07  6.94e-05  5195s
 370   1.64584784e+07  1.64462674e+07  5.19e-02 3.62e-07  5.58e-05  5207s
 371   1.64583767e+07  1.64462753e+07  4.52e-02 3.05e-07  4.97e-05  5219s
 372   1.64582585e+07  1.64462828e+07  3.83e-02 2.57e-07  4.21e-05  5230s
 373   1.64582305e+07  1.64462853e+07  3.67e-02 2.43e-07  4.04e-05  5244s
 374   1.64581112e+07  1.64462885e+07  2.98e-02 2.26e-07  3.30e-05  5255s
 375   1.64580257e+07  1.64462966e+07  2.51e-02 1.87e-07  2.78e-05  5270s
 376   1.64579436e+07  1.64463004e+07  2.07e-02 1.73e-07  2.34e-05  5288s
 377   1.64579178e+07  1.64463043e+07  1.94e-02 1.60e-07  2.19e-05  5304s
 378   1.64579115e+07  1.64463059e+07  1.91e-02 1.55e-07  2.15e-05  5318s
 379   1.64578984e+07  1.64463090e+07  1.85e-02 1.47e-07  2.07e-05  5332s
 380   1.64578902e+07  1.64463094e+07  1.81e-02 1.46e-07  2.03e-05  5345s
 381   1.64578604e+07  1.64463137e+07  1.67e-02 1.36e-07  1.88e-05  5363s
 382   1.64577847e+07  1.64463186e+07  1.35e-02 1.25e-07  1.55e-05  5384s
 383   1.64576749e+07  1.64463242e+07  1.09e-02 4.37e-05  1.29e-05  5406s
 384   1.64576491e+07  1.64463290e+07  9.98e-03 3.98e-05  1.19e-05  5417s
 385   1.64575969e+07  1.64463332e+07  8.35e-03 3.67e-05  1.02e-05  5428s
 386   1.64575248e+07  1.64463356e+07  6.35e-03 3.48e-05  8.50e-06  5445s
 387   1.64575052e+07  1.64463382e+07  5.91e-03 3.29e-05  7.96e-06  5457s
 388   1.64574462e+07  1.64463397e+07  4.67e-03 3.18e-05  6.96e-06  5472s
 389   1.64574308e+07  1.64463414e+07  4.40e-03 3.06e-05  6.63e-06  5490s
 390   1.64574291e+07  1.64463417e+07  4.37e-03 3.04e-05  6.59e-06  5506s
 391   1.64574236e+07  1.64463426e+07  4.27e-03 2.99e-05  6.46e-06  5518s
 392   1.64574163e+07  1.64463434e+07  4.15e-03 2.93e-05  6.33e-06  5529s
 393   1.64574092e+07  1.64463450e+07  4.04e-03 2.83e-05  6.13e-06  5540s
 394   1.64573653e+07  1.64463548e+07  3.34e-03 2.23e-05  4.89e-06  5555s
 395   1.64573365e+07  1.64463555e+07  2.96e-03 2.19e-05  4.66e-06  5567s
 396   1.64573346e+07  1.64463556e+07  2.94e-03 2.18e-05  4.64e-06  5581s
 397   1.64572833e+07  1.64463638e+07  2.33e-03 1.70e-05  3.58e-06  5599s
 398   1.64572749e+07  1.64463656e+07  2.25e-03 1.58e-05  3.38e-06  5613s
 399   1.64572387e+07  1.64463692e+07  1.92e-03 1.35e-05  2.89e-06  5625s
 400   1.64572016e+07  1.64463732e+07  1.62e-03 1.11e-05  2.40e-06  5636s
 401   1.64571584e+07  1.64463752e+07  1.33e-03 9.80e-06  2.09e-06  5648s
 402   1.64571080e+07  1.64463798e+07  1.05e-03 7.56e-06  1.53e-06  5669s
 403   1.64570712e+07  1.64463815e+07  8.90e-04 6.40e-06  1.30e-06  5688s
 404   1.64570689e+07  1.64463816e+07  8.81e-04 6.37e-06  1.29e-06  5706s
 405   1.64570670e+07  1.64463816e+07  8.74e-04 6.33e-06  1.28e-06  5719s
 406   1.64570651e+07  1.64463821e+07  8.67e-04 5.95e-06  1.24e-06  5738s
 407   1.64570587e+07  1.64463824e+07  8.43e-04 5.77e-06  1.20e-06  5752s
 408   1.64570461e+07  1.64463827e+07  7.98e-04 5.59e-06  1.16e-06  5763s
 409   1.64570460e+07  1.64463827e+07  7.98e-04 5.58e-06  1.15e-06  5781s
 410   1.64570389e+07  1.64463830e+07  7.73e-04 5.43e-06  1.12e-06  5801s
 411   1.64570263e+07  1.64463833e+07  7.32e-04 5.22e-06  1.08e-06  5816s
 412   1.64570250e+07  1.64463833e+07  7.28e-04 5.22e-06  1.07e-06  5829s
 413   1.64570241e+07  1.64463835e+07  7.25e-04 5.13e-06  1.06e-06  5844s
 414   1.64570166e+07  1.64463837e+07  7.01e-04 5.02e-06  1.03e-06  5858s
 415   1.64570146e+07  1.64463839e+07  6.95e-04 4.90e-06  1.01e-06  5873s
 416   1.64570045e+07  1.64463847e+07  6.65e-04 4.41e-06  9.23e-07  5887s
 417   1.64569458e+07  1.64463853e+07  4.97e-04 4.09e-06  8.21e-07  5906s
 418   1.64569066e+07  1.64463859e+07  4.13e-04 3.70e-06  7.42e-07  5921s
 419   1.64568795e+07  1.64463867e+07  3.64e-04 3.22e-06  6.49e-07  5933s
 420   1.64568430e+07  1.64463874e+07  3.36e-04 2.84e-06  5.77e-07  5949s
 421   1.64568225e+07  1.64463878e+07  3.06e-04 2.57e-06  5.25e-07  5961s
 422   1.64567656e+07  1.64463886e+07  2.30e-04 2.11e-06  4.27e-07  5976s
 423   1.64567345e+07  1.64463890e+07  1.99e-04 1.88e-06  3.78e-07  5995s
 424   1.64567123e+07  1.64463892e+07  1.80e-04 1.77e-06  3.55e-07  6010s
 425   1.64566440e+07  1.64463897e+07  1.53e-04 1.52e-06  3.05e-07  6023s
 426   1.64566065e+07  1.64463899e+07  1.30e-04 1.36e-06  2.72e-07  6035s
 427   1.64565447e+07  1.64463901e+07  9.48e-05 1.24e-06  2.42e-07  6048s
 428   1.64564372e+07  1.64463904e+07  6.99e-05 1.10e-06  2.10e-07  6066s
 429   1.64563539e+07  1.64463911e+07  4.44e-05 7.01e-07  1.35e-07  6086s
 430   1.64562760e+07  1.64463913e+07  3.61e-05 5.79e-07  1.12e-07  6109s
 431   1.64562294e+07  1.64463914e+07  3.24e-05 5.28e-07  1.01e-07  6123s
 432   1.64561741e+07  1.64463916e+07  2.47e-05 4.12e-07  7.90e-08  6137s
 433   1.64561198e+07  1.64463918e+07  1.90e-05 2.90e-07  5.67e-08  6153s
 434   1.64560842e+07  1.64463918e+07  1.57e-05 2.63e-07  5.12e-08  6174s
 435   1.64560537e+07  1.64463919e+07  7.57e-06 2.25e-07  4.40e-08  6190s
 436   1.64560283e+07  1.64463919e+07  1.68e-05 2.18e-07  4.23e-08  6206s
 437   1.64559950e+07  1.64463919e+07  5.38e-06 2.14e-07  3.91e-08  6219s
 438   1.64559783e+07  1.64463920e+07  7.42e-06 2.76e-07  3.29e-08  6236s
 439   1.64559188e+07  1.64463921e+07  5.72e-06 3.19e-07  2.49e-08  6256s
 440   1.64558317e+07  1.64463921e+07  9.97e-06 2.76e-07  2.15e-08  6275s

Barrier solved model in 440 iterations and 6275.41 seconds
Optimal objective 1.64558317e+07

Crossover log...

 2367512 DPushes remaining with DInf 3.6660784e+01              6285s
  268479 DPushes remaining with DInf 1.1361998e+01              6333s
  259453 DPushes remaining with DInf 1.1144552e+01              6337s
  223960 DPushes remaining with DInf 1.0061232e+01              6342s
  222020 DPushes remaining with DInf 1.0061232e+01              6349s
  220899 DPushes remaining with DInf 1.0061232e+01              6352s
  219792 DPushes remaining with DInf 1.0061232e+01              6356s
  218685 DPushes remaining with DInf 1.0061232e+01              6360s
  216279 DPushes remaining with DInf 1.0061232e+01              6368s
  213135 DPushes remaining with DInf 1.0057378e+01              6375s
  207846 DPushes remaining with DInf 1.0053152e+01              6382s
  205576 DPushes remaining with DInf 1.0053152e+01              6387s
  203365 DPushes remaining with DInf 1.0053152e+01              6392s
  201109 DPushes remaining with DInf 1.0053152e+01              6396s
  197881 DPushes remaining with DInf 1.0045229e+01              6401s
  195835 DPushes remaining with DInf 9.8990910e+01              6408s
  195369 DPushes remaining with DInf 9.8990910e+01              6415s
  194735 DPushes remaining with DInf 9.8990910e+01              6423s
  194236 DPushes remaining with DInf 9.8990910e+01              6430s
  193756 DPushes remaining with DInf 9.8990910e+01              6437s
  192902 DPushes remaining with DInf 9.8916005e+01              6444s
  192025 DPushes remaining with DInf 9.8916005e+01              6451s
  191408 DPushes remaining with DInf 9.8916005e+01              6458s
  191004 DPushes remaining with DInf 9.8916005e+01              6465s
  190634 DPushes remaining with DInf 9.8916005e+01              6472s
  190306 DPushes remaining with DInf 9.8916005e+01              6480s
  189975 DPushes remaining with DInf 9.8916005e+01              6489s
  189425 DPushes remaining with DInf 9.8916005e+01              6497s
  188899 DPushes remaining with DInf 9.7500277e+01              6504s
  188490 DPushes remaining with DInf 9.7500277e+01              6512s
  188150 DPushes remaining with DInf 9.7500277e+01              6519s
  187818 DPushes remaining with DInf 9.7500277e+01              6526s
  187492 DPushes remaining with DInf 9.7500277e+01              6533s
  186882 DPushes remaining with DInf 9.7500277e+01              6542s
  185536 DPushes remaining with DInf 9.7497906e+01              6549s
  184367 DPushes remaining with DInf 9.7497906e+01              6556s
  183240 DPushes remaining with DInf 9.7497906e+01              6564s
  182106 DPushes remaining with DInf 9.7497906e+01              6569s
  180986 DPushes remaining with DInf 9.7497906e+01              6573s
  179873 DPushes remaining with DInf 9.7497906e+01              6578s
  179083 DPushes remaining with DInf 9.7497906e+01              6585s
  178363 DPushes remaining with DInf 9.7497906e+01              6594s
  177701 DPushes remaining with DInf 9.7497906e+01              6602s
  176947 DPushes remaining with DInf 9.7401142e+01              6617s
  175759 DPushes remaining with DInf 9.7401142e+01              6625s
  174566 DPushes remaining with DInf 9.7401142e+01              6633s
  173222 DPushes remaining with DInf 1.1570122e+02              6639s
  172631 DPushes remaining with DInf 1.1570122e+02              6648s
  172086 DPushes remaining with DInf 1.1570122e+02              6655s
  171248 DPushes remaining with DInf 1.1556859e+02              6663s
  170213 DPushes remaining with DInf 1.1540802e+02              6670s
  168993 DPushes remaining with DInf 1.1540802e+02              6675s
  166513 DPushes remaining with DInf 1.1540802e+02              6683s
  165215 DPushes remaining with DInf 1.1540802e+02              6685s
  162525 DPushes remaining with DInf 1.1540802e+02              6692s
  159680 DPushes remaining with DInf 1.1527538e+02              6697s
  156625 DPushes remaining with DInf 1.1527538e+02              6701s
  153742 DPushes remaining with DInf 1.1475219e+02              6706s
  149381 DPushes remaining with DInf 1.1465388e+02              6710s
  143861 DPushes remaining with DInf 1.1456972e+02              6717s
  139367 DPushes remaining with DInf 1.1408924e+02              6721s
  128814 DPushes remaining with DInf 1.1324385e+02              6727s
  125252 DPushes remaining with DInf 2.2110238e+02              6731s
  122936 DPushes remaining with DInf 6.4411470e+04              6736s
  122126 DPushes remaining with DInf 6.4408796e+04              6744s
  121565 DPushes remaining with DInf 6.4349351e+04              6751s
   61785 DPushes remaining with DInf 6.4143297e+04              6756s
   52095 DPushes remaining with DInf 6.4058846e+04              6761s
   46141 DPushes remaining with DInf 6.3919644e+04              6766s
   16415 DPushes remaining with DInf 4.7033488e+05              6772s
    1770 DPushes remaining with DInf 5.0624328e+03              6779s
     605 DPushes remaining with DInf 2.5754943e+02              6782s
       0 DPushes remaining with DInf 2.7983411e+03              6788s

Restart crossover...

 4127585 variables added to crossover basis                     6791s

 2367519 DPushes remaining with DInf 4.1596048e-01              6795s
  268979 DPushes remaining with DInf 3.0817004e-01              6850s
  259944 DPushes remaining with DInf 3.0817004e-01              6853s
  241536 DPushes remaining with DInf 3.0817004e-01              6856s
  224330 DPushes remaining with DInf 3.0817004e-01              6862s
  222585 DPushes remaining with DInf 3.0817004e-01              6867s
  221464 DPushes remaining with DInf 3.0817004e-01              6871s
  220357 DPushes remaining with DInf 3.0817004e-01              6876s
  218006 DPushes remaining with DInf 3.0817004e-01              6884s
  216844 DPushes remaining with DInf 3.0817004e-01              6889s
  215679 DPushes remaining with DInf 3.0817004e-01              6893s
  214495 DPushes remaining with DInf 3.0817004e-01              6898s
  213589 DPushes remaining with DInf 3.0817004e-01              6907s
  211176 DPushes remaining with DInf 3.0817004e-01              6917s
  208220 DPushes remaining with DInf 3.0817004e-01              6924s
  207075 DPushes remaining with DInf 3.0817004e-01              6927s
  205955 DPushes remaining with DInf 3.0817004e-01              6930s
  203746 DPushes remaining with DInf 3.0817004e-01              6936s
  201487 DPushes remaining with DInf 3.0817004e-01              6942s
  200363 DPushes remaining with DInf 3.0817004e-01              6945s
  197071 DPushes remaining with DInf 3.0817004e-01              6958s
  195694 DPushes remaining with DInf 3.0817004e-01              6966s
  194489 DPushes remaining with DInf 3.0817004e-01              6973s
  192222 DPushes remaining with DInf 3.0817004e-01              6980s
  191097 DPushes remaining with DInf 1.9416142e+01              6989s
  190247 DPushes remaining with DInf 1.9416142e+01              6998s
  189182 DPushes remaining with DInf 1.9416142e+01              7006s
  188002 DPushes remaining with DInf 1.9416142e+01              7015s
  186681 DPushes remaining with DInf 1.9415164e+01              7022s
  185570 DPushes remaining with DInf 1.9415164e+01              7030s
  184553 DPushes remaining with DInf 1.9415164e+01              7039s
  183557 DPushes remaining with DInf 1.9415164e+01              7047s
  182424 DPushes remaining with DInf 1.9415164e+01              7054s
  181306 DPushes remaining with DInf 1.9409561e+01              7060s
  180193 DPushes remaining with DInf 1.9409561e+01              7065s
  179082 DPushes remaining with DInf 1.9409561e+01              7070s
  177948 DPushes remaining with DInf 1.9409561e+01              7078s
  176818 DPushes remaining with DInf 1.9409561e+01              7085s
  175688 DPushes remaining with DInf 1.9409561e+01              7092s
  174524 DPushes remaining with DInf 1.9409561e+01              7099s
  173169 DPushes remaining with DInf 1.9011449e+01              7105s
  172828 DPushes remaining with DInf 1.9011449e+01              7113s
  172516 DPushes remaining with DInf 1.9011449e+01              7121s
  172181 DPushes remaining with DInf 1.9011449e+01              7129s
  171810 DPushes remaining with DInf 1.9011449e+01              7136s
  171159 DPushes remaining with DInf 1.9011449e+01              7145s
  169932 DPushes remaining with DInf 1.9011449e+01              7150s
  168709 DPushes remaining with DInf 1.9011449e+01              7153s
  167458 DPushes remaining with DInf 1.9011449e+01              7157s
  164909 DPushes remaining with DInf 1.9011449e+01              7162s
  163619 DPushes remaining with DInf 1.9011449e+01              7165s
  160825 DPushes remaining with DInf 1.9011449e+01              7171s
  157847 DPushes remaining with DInf 1.9011449e+01              7177s
  154834 DPushes remaining with DInf 1.9011449e+01              7182s
  153482 DPushes remaining with DInf 1.9011449e+01              7185s
  147770 DPushes remaining with DInf 1.9011449e+01              7192s
  145305 DPushes remaining with DInf 1.9011449e+01              7196s
  142829 DPushes remaining with DInf 1.8935198e+01              7201s
  140392 DPushes remaining with DInf 1.8743607e+01              7205s
  136680 DPushes remaining with DInf 1.8398391e+01              7211s
  130020 DPushes remaining with DInf 1.8397437e+01              7215s
  126004 DPushes remaining with DInf 1.8397437e+01              7222s
  124800 DPushes remaining with DInf 1.8397437e+01              7225s
  121907 DPushes remaining with DInf 1.8397437e+01              7238s
  121367 DPushes remaining with DInf 1.8397437e+01              7246s
  121027 DPushes remaining with DInf 1.8397437e+01              7254s
  120677 DPushes remaining with DInf 1.8397437e+01              7262s
  120337 DPushes remaining with DInf 1.8397437e+01              7270s
  120017 DPushes remaining with DInf 1.8397437e+01              7277s
  119656 DPushes remaining with DInf 1.8397437e+01              7285s
  119356 DPushes remaining with DInf 1.8397437e+01              7293s
  119086 DPushes remaining with DInf 1.8397437e+01              7301s
  118786 DPushes remaining with DInf 1.8397437e+01              7309s
  118486 DPushes remaining with DInf 1.8397437e+01              7317s
  118216 DPushes remaining with DInf 1.8397437e+01              7325s
  117966 DPushes remaining with DInf 1.8397437e+01              7332s
  117706 DPushes remaining with DInf 1.8397437e+01              7340s
  117426 DPushes remaining with DInf 1.8397437e+01              7348s
  117146 DPushes remaining with DInf 1.8397437e+01              7356s
  116896 DPushes remaining with DInf 1.8397437e+01              7363s
  116646 DPushes remaining with DInf 1.8397437e+01              7370s
  115537 DPushes remaining with DInf 1.8397437e+01              7376s
  107443 DPushes remaining with DInf 1.8397437e+01              7380s
   75230 DPushes remaining with DInf 1.8397437e+01              7386s
   64477 DPushes remaining with DInf 1.8397437e+01              7390s
   52330 DPushes remaining with DInf 1.8397437e+01              7397s
   48101 DPushes remaining with DInf 1.8397437e+01              7402s
   45861 DPushes remaining with DInf 1.8397437e+01              7407s
   44067 DPushes remaining with DInf 1.8397437e+01              7417s
   43817 DPushes remaining with DInf 1.8397437e+01              7425s
   43577 DPushes remaining with DInf 1.8397437e+01              7432s
   43337 DPushes remaining with DInf 1.8397437e+01              7440s
   43087 DPushes remaining with DInf 1.8397437e+01              7448s
   42837 DPushes remaining with DInf 1.8397437e+01              7456s
   42587 DPushes remaining with DInf 1.8397437e+01              7463s
   42327 DPushes remaining with DInf 1.8397437e+01              7471s
   42077 DPushes remaining with DInf 1.8397437e+01              7479s
   41827 DPushes remaining with DInf 1.8397437e+01              7487s
   41587 DPushes remaining with DInf 1.8397437e+01              7495s
   41307 DPushes remaining with DInf 1.8397437e+01              7502s
   41006 DPushes remaining with DInf 1.8397437e+01              7510s
   40756 DPushes remaining with DInf 1.8397437e+01              7517s
   40496 DPushes remaining with DInf 1.8397437e+01              7525s
   40216 DPushes remaining with DInf 1.8397437e+01              7533s
   39956 DPushes remaining with DInf 1.8397437e+01              7540s
   39695 DPushes remaining with DInf 1.8397437e+01              7548s
   38580 DPushes remaining with DInf 1.8397437e+01              7554s
   20827 DPushes remaining with DInf 1.7293615e+01              7556s
   17180 DPushes remaining with DInf 1.7293615e+01              7561s
   14922 DPushes remaining with DInf 1.7293615e+01              7567s
       0 DPushes remaining with DInf 2.2448781e+01              7572s

  580883 PPushes remaining with PInf 2.2343814e-01              7574s
  290853 PPushes remaining with PInf 4.8539430e-02              7605s
  203892 PPushes remaining with PInf 4.5959859e-02              7628s
  161913 PPushes remaining with PInf 2.9797396e-02              7655s
  135556 PPushes remaining with PInf 2.5212571e-02              7695s
  117964 PPushes remaining with PInf 2.2895968e-02              7726s
  104341 PPushes remaining with PInf 1.3050324e-02              7766s
   94016 PPushes remaining with PInf 9.4400851e-03              7803s
   85533 PPushes remaining with PInf 9.1962229e-03              7829s
   78543 PPushes remaining with PInf 6.6839435e-03              7863s
   72673 PPushes remaining with PInf 7.9789858e-03              7885s
   67554 PPushes remaining with PInf 7.5780271e-03              7910s
   63369 PPushes remaining with PInf 9.6596246e-03              7932s
   59276 PPushes remaining with PInf 2.8083742e-02              7959s
   55517 PPushes remaining with PInf 2.7720217e-02              7993s
   52101 PPushes remaining with PInf 1.7811460e-01              8025s
   48933 PPushes remaining with PInf 1.7795313e-01              8069s
   46078 PPushes remaining with PInf 1.7753190e-01              8088s
   43410 PPushes remaining with PInf 1.7531991e-01              8105s
   40898 PPushes remaining with PInf 1.7526463e-01              8121s
   38564 PPushes remaining with PInf 1.7520423e-01              8138s
   37249 PPushes remaining with PInf 1.7312526e-01              8170s
   32510 PPushes remaining with PInf 1.7163329e-01              8196s
   27088 PPushes remaining with PInf 1.6877876e-01              8250s
   24499 PPushes remaining with PInf 1.7052074e-01              8270s
   22825 PPushes remaining with PInf 1.6980967e-01              8285s
   21089 PPushes remaining with PInf 1.6976169e-01              8309s
   16522 PPushes remaining with PInf 1.6917373e-01              8329s
   13242 PPushes remaining with PInf 1.6917373e-01              8351s
   12142 PPushes remaining with PInf 1.6917373e-01              8367s
   10476 PPushes remaining with PInf 1.6917373e-01              8391s
    9376 PPushes remaining with PInf 1.6916874e-01              8410s
    3950 PPushes remaining with PInf 1.6916874e-01              8442s
    1561 PPushes remaining with PInf 1.6916874e-01              8477s
     461 PPushes remaining with PInf 1.6916874e-01              8495s
       0 PPushes remaining with PInf 1.6916874e-01              8518s

  Push phase complete: Pinf 1.6916874e-01, Dinf 5.6817740e+00   8520s

Iteration    Objective       Primal Inf.    Dual Inf.      Time
 1360794    1.6446400e+07   0.000000e+00   5.681774e+00   8538s
 1361912    1.6446400e+07   0.000000e+00   2.796244e-01   8646s
 1363031    1.6446400e+07   0.000000e+00   2.365962e-01   8686s
 1370813    1.6446400e+07   0.000000e+00   8.239794e-02   8715s
 1376040    1.6446400e+07   0.000000e+00   2.965139e-02   8739s
 1377140    1.6446400e+07   0.000000e+00   2.393618e-02   8758s
 1381911    1.6446400e+07   0.000000e+00   1.165072e-04   8780s
 1382617    1.6446400e+07   0.000000e+00   0.000000e+00   8908s
 1382617    1.6446400e+07   5.558119e-05   0.000000e+00   9011s
Extra 44 simplex iterations after uncrush
 1382661    1.6446400e+07   0.000000e+00   0.000000e+00   9069s

Solved with barrier
Solved in 1382661 iterations and 9068.97 seconds
Optimal objective  1.644640007e+07
Freed default Gurobi environment

