INFO:pypsa.io:Imported network vietnam3.nc has buses, carriers, generators, lines, loads, storage_units
INFO:pypsa.pf:Slack bus for sub-network 0 is CongThanh
INFO:pypsa.opf:Performed preliminary steps
INFO:pypsa.opf:Building pyomo model using `kirchhoff` formulation
INFO:pypsa.pf:Tree slack bus is DucHoa with degree 4.
INFO:pypsa.pf:Slack bus for sub-network 0 is CongThanh
INFO:pypsa.pf:Slack bus for sub-network 0 is CongThanh
INFO:pypsa.opf:Solving model using gurobi
INFO:pypsa.opf:Optimization successful
WARNING:pypsa.io:Directory /home/vres/data/ReVietSys/fias-model_era5-data/devplan_2025 does not exist, creating it
INFO:pypsa.io:Exported network devplan_2025 has lines, carriers, generators, loads, buses, storage_units
# ==========================================================
# = Solver Results                                         =
# ==========================================================
# ----------------------------------------------------------
#   Problem Information
# ----------------------------------------------------------
Problem: 
- Name: x5808406_copy
  Lower bound: 17785468.7859
  Upper bound: 17785468.7859
  Number of objectives: 1
  Number of constraints: 10582099
  Number of variables: 5808406
  Number of binary variables: 0
  Number of integer variables: 0
  Number of continuous variables: 5808406
  Number of nonzeros: 23417773
  Sense: minimize
# ----------------------------------------------------------
#   Solver Information
# ----------------------------------------------------------
Solver: 
- Status: ok
  Return code: 0
  Message: Model was solved to optimality (subject to tolerances), and an optimal solution is available.
  Termination condition: optimal
  Termination message: Model was solved to optimality (subject to tolerances), and an optimal solution is available.
  Wall time: 111574.004399
  Error rc: 0
  Time: 111747.42775321007
# ----------------------------------------------------------
#   Solution Information
# ----------------------------------------------------------
Solution: 
- number of solutions: 0
  number of solutions displayed: 0
