Solver command line: ['/home/vres/opt/gurobi800/linux64/bin/gurobi.sh']

Academic license - for non-commercial use only
Changed value of parameter QCPDual to 1
   Prev: 0  Min: 0  Max: 1  Default: 0
Changed value of parameter threads to 32
   Prev: 0  Min: 0  Max: 1024  Default: 0
Parameter method unchanged
   Value: -1  Min: -1  Max: 5  Default: -1
Parameter crossover unchanged
   Value: -1  Min: -1  Max: 5  Default: -1
Optimize a model with 10582088 rows, 5808406 columns and 24223141 nonzeros
Coefficient statistics:
  Matrix range     [1e-06, 4e+02]
  Objective range  [1e-05, 7e+06]
  Bounds range     [3e-06, 5e+06]
  RHS range        [3e-06, 8e+06]

Concurrent LP optimizer: primal simplex, dual simplex, and barrier
Showing barrier log only...

Presolve removed 4054372 rows and 93 columns (presolve time = 5s) ...
Presolve removed 4759015 rows and 1049758 columns (presolve time = 12s) ...
Presolve removed 4759015 rows and 1049758 columns (presolve time = 18s) ...
Presolve removed 4759257 rows and 1050000 columns (presolve time = 22s) ...
Presolve removed 4916695 rows and 1207438 columns (presolve time = 33s) ...
Presolve removed 4916695 rows and 1207438 columns (presolve time = 36s) ...
Presolve removed 4916695 rows and 1207438 columns (presolve time = 40s) ...
Presolve removed 4916696 rows and 1207438 columns (presolve time = 49s) ...
Presolve removed 4916696 rows and 1207438 columns
Presolve time: 55.77s
Presolved: 5665392 rows, 4600969 columns, 17841019 nonzeros

Ordering time: 4.17s

Barrier statistics:
 Dense cols : 479
 Free vars  : 315360
 AA' NZ     : 2.073e+07
 Factor NZ  : 1.263e+08 (roughly 5.0 GBytes of memory)
 Factor Ops : 1.896e+10 (roughly 1 second per iteration)
 Threads    : 30

                  Objective                Residual
Iter       Primal          Dual         Primal    Dual     Compl     Time
   0   2.84874905e+10 -7.18797332e+10  4.27e+10 5.52e+00  7.94e+07    93s
   1   2.85965768e+10 -1.06733338e+11  4.15e+10 9.36e+02  6.14e+07   111s
   2   2.82127587e+10 -1.30173990e+11  3.70e+10 8.30e+02  5.47e+07   130s
   3   2.69117734e+10 -4.84632525e+11  3.11e+10 4.72e+02  4.14e+07   151s
   4   2.41411729e+10 -1.17297292e+12  2.45e+10 1.38e+02  2.62e+07   169s
   5   2.00492238e+10 -1.18364845e+12  1.77e+10 8.46e+01  1.91e+07   182s
   6   1.65766213e+10 -1.16442743e+12  1.23e+10 2.62e+01  1.28e+07   195s
   7   1.31778653e+10 -1.05881806e+12  7.61e+09 8.29e+00  7.83e+06   207s
   8   9.80661979e+09 -9.00501543e+11  2.79e+09 2.91e+00  2.90e+06   223s
   9   8.72114440e+09 -7.00762766e+11  5.63e+08 1.02e+00  6.42e+05   242s
  10   9.12572378e+09 -3.79673731e+11  3.74e+08 8.09e-02  3.75e+05   257s
  11   8.73098909e+09 -3.69233111e+11  3.35e+08 7.45e-02  3.37e+05   270s
  12   9.19981939e+09 -3.34731152e+11  3.12e+08 4.96e-02  3.08e+05   283s
  13   1.03995011e+10 -2.91463273e+11  2.49e+08 2.81e-02  2.44e+05   295s
  14   1.09409618e+10 -2.24178286e+11  2.15e+08 1.69e-02  1.95e+05   311s
  15   1.14645401e+10 -2.06701646e+11  1.84e+08 1.62e-02  1.67e+05   324s
  16   1.17051509e+10 -1.73223608e+11  1.63e+08 1.39e-02  1.40e+05   340s
  17   1.28247648e+10 -1.23803514e+11  1.17e+08 1.02e-02  9.27e+04   362s
  18   8.08258706e+09 -8.79170251e+10  4.89e+07 8.05e-03  4.13e+04   381s
  19   7.95277372e+09 -8.58828064e+10  4.68e+07 7.84e-03  3.96e+04   395s
  20   7.69153480e+09 -5.93290244e+10  3.71e+07 5.64e-03  2.95e+04   409s
  21   7.14245611e+09 -4.70700166e+10  3.21e+07 4.59e-03  2.46e+04   423s
  22   6.69821612e+09 -2.18862114e+10  2.44e+07 2.48e-03  1.63e+04   439s
  23   5.48377196e+09 -1.56227534e+10  1.54e+07 1.90e-03  1.04e+04   452s
  24   4.99781539e+09 -1.10696384e+10  1.29e+07 1.71e-03  7.94e+03   468s
  25   4.36207249e+09 -6.76173867e+09  1.03e+07 2.09e-03  5.93e+03   481s
  26   3.04738551e+09 -5.11179979e+09  6.26e+06 3.13e-03  3.63e+03   498s
  27   2.11163321e+09 -3.32252141e+09  3.94e+06 2.43e-03  2.19e+03   520s
  28   2.04196799e+09 -1.96375809e+09  3.78e+06 2.72e-03  1.59e+03   537s
  29   1.14965178e+09 -1.61611318e+09  2.02e+06 3.61e-03  8.79e+02   551s
  30   1.07816408e+09 -1.54169688e+09  1.87e+06 3.52e-03  8.09e+02   564s
  31   6.64394760e+08 -1.35548606e+09  1.09e+06 4.36e-03  5.09e+02   576s
  32   4.26937708e+08 -1.27341412e+09  6.10e+05 4.48e-03  3.39e+02   593s
  33   4.12643866e+08 -7.48480827e+08  5.87e+05 3.93e-03  2.47e+02   607s
  34   2.14765213e+08 -3.97325677e+08  2.57e+05 4.03e-03  1.08e+02   625s
  35   1.94900841e+08 -2.43416807e+08  1.98e+05 3.72e-03  7.43e+01   645s
  36   1.70161842e+08 -1.90086821e+08  1.64e+05 4.05e-03  5.93e+01   663s
  37   1.32123873e+08 -1.17728110e+08  1.16e+05 3.73e-03  3.99e+01   676s
  38   1.23272725e+08 -9.00245381e+07  1.03e+05 3.42e-03  3.40e+01   689s
  39   1.05596605e+08 -5.81246111e+07  8.31e+04 3.91e-03  2.58e+01   701s
  40   1.00359150e+08 -3.94598288e+07  7.80e+04 4.32e-03  2.22e+01   717s
  41   9.93877829e+07 -3.74727172e+07  7.69e+04 4.31e-03  2.18e+01   730s
  42   8.09375323e+07 -3.51503008e+07  5.81e+04 4.19e-03  1.76e+01   747s
  43   7.06009747e+07 -9.89978650e+06  4.63e+04 4.85e-03  1.18e+01   765s
  44   6.01441823e+07 -3.83101977e+06  3.63e+04 5.25e-03  9.11e+00   783s
  45   5.77835936e+07  6.64795516e+05  3.39e+04 5.32e-03  8.13e+00   795s
  46   5.17640007e+07  2.70490989e+06  2.82e+04 5.25e-03  6.84e+00   808s
  47   5.11754217e+07  2.99539860e+06  2.76e+04 5.22e-03  6.71e+00   821s
  48   4.53437402e+07  7.59132078e+06  2.21e+04 4.28e-03  5.05e+00   839s
  49   4.09463781e+07  9.28870718e+06  1.79e+04 4.42e-03  4.13e+00   853s
  50   3.95958730e+07  9.89429327e+06  1.67e+04 4.41e-03  3.83e+00   869s
  51   3.40477744e+07  1.17827925e+07  1.16e+04 4.19e-03  2.72e+00   889s
  52   3.22481601e+07  1.26365989e+07  1.00e+04 3.91e-03  2.35e+00   904s
  53   3.02984688e+07  1.37054399e+07  8.20e+03 3.46e-03  1.92e+00   918s
  54   2.98590354e+07  1.38542649e+07  7.79e+03 3.39e-03  1.84e+00   932s
  55   2.92151287e+07  1.42759309e+07  7.20e+03 3.17e-03  1.70e+00   946s
  56   2.89341829e+07  1.45981038e+07  6.94e+03 2.99e-03  1.61e+00   963s
  57   2.88520818e+07  1.46592536e+07  6.87e+03 2.95e-03  1.59e+00   977s
  58   2.86622116e+07  1.47439792e+07  6.71e+03 2.90e-03  1.56e+00   995s
  59   2.80248036e+07  1.51550915e+07  6.16e+03 2.62e-03  1.42e+00  1008s
  60   2.77756689e+07  1.55413883e+07  5.95e+03 2.38e-03  1.33e+00  1028s
  61   2.68988121e+07  1.63285417e+07  5.14e+03 1.86e-03  1.10e+00  1049s
  62   2.67331670e+07  1.64896697e+07  5.00e+03 1.74e-03  1.05e+00  1065s
  63   2.56960089e+07  1.68426141e+07  4.12e+03 1.47e-03  8.73e-01  1077s
  64   2.55444905e+07  1.68589597e+07  4.00e+03 1.43e-03  8.51e-01  1091s
  65   2.48603372e+07  1.69604516e+07  3.46e+03 1.34e-03  7.52e-01  1105s
  66   2.46039624e+07  1.72064868e+07  3.25e+03 1.18e-03  6.85e-01  1120s
  67   2.42421979e+07  1.73716710e+07  2.96e+03 1.08e-03  6.19e-01  1134s
  68   2.38505579e+07  1.75316519e+07  2.67e+03 9.99e-04  5.50e-01  1150s
  69   2.37154353e+07  1.76155853e+07  2.57e+03 9.35e-04  5.22e-01  1170s
  70   2.31586029e+07  1.77040965e+07  2.15e+03 8.67e-04  4.46e-01  1185s
  71   2.29940370e+07  1.77502217e+07  2.03e+03 8.28e-04  4.21e-01  1199s
  72   2.27177506e+07  1.78415599e+07  1.82e+03 7.74e-04  3.79e-01  1212s
  73   2.25771493e+07  1.78980295e+07  1.72e+03 7.38e-04  3.56e-01  1225s
  74   2.24413872e+07  1.79669671e+07  1.62e+03 6.96e-04  3.33e-01  1240s
  75   2.23180120e+07  1.80042971e+07  1.54e+03 6.62e-04  3.15e-01  1253s
  76   2.21047313e+07  1.80593292e+07  1.39e+03 6.20e-04  2.85e-01  1269s
  77   2.20489465e+07  1.80949543e+07  1.36e+03 5.92e-04  2.74e-01  1289s
  78   2.18810065e+07  1.81098870e+07  1.25e+03 5.74e-04  2.55e-01  1304s
  79   2.18109837e+07  1.81303911e+07  1.21e+03 5.56e-04  2.46e-01  1316s
  80   2.17403212e+07  1.81482895e+07  1.16e+03 5.39e-04  2.37e-01  1329s
  81   2.16620984e+07  1.81617472e+07  1.12e+03 5.24e-04  2.27e-01  1342s
  82   2.15720320e+07  1.81825956e+07  1.06e+03 5.04e-04  2.16e-01  1358s
  83   2.14234101e+07  1.82057113e+07  9.64e+02 4.81e-04  1.98e-01  1370s
  84   2.10248137e+07  1.82407846e+07  7.09e+02 4.50e-04  1.56e-01  1386s
  85   2.09353524e+07  1.83168891e+07  6.62e+02 3.68e-04  1.38e-01  1405s
  86   2.07765025e+07  1.83269818e+07  5.83e+02 3.51e-04  1.23e-01  1422s
  87   2.07388797e+07  1.83407372e+07  5.64e+02 3.34e-04  1.19e-01  1436s
  88   2.06719038e+07  1.83510019e+07  5.33e+02 3.23e-04  1.12e-01  1449s
  89   2.06276630e+07  1.83578570e+07  5.12e+02 3.15e-04  1.08e-01  1463s
  90   2.05508558e+07  1.83747835e+07  4.78e+02 2.95e-04  9.97e-02  1480s
  91   2.04253020e+07  1.83869260e+07  4.22e+02 2.78e-04  8.89e-02  1493s
  92   2.03321252e+07  1.83989507e+07  3.81e+02 2.60e-04  8.02e-02  1510s
  93   2.03104022e+07  1.84033089e+07  3.71e+02 2.53e-04  7.81e-02  1524s
  94   2.02758160e+07  1.84077085e+07  3.55e+02 2.45e-04  7.49e-02  1541s
  95   2.01928967e+07  1.84120168e+07  3.17e+02 2.33e-04  6.80e-02  1563s
  96   2.01370622e+07  1.84266309e+07  2.92e+02 2.11e-04  6.18e-02  1581s
  97   2.01141081e+07  1.84341472e+07  2.80e+02 1.99e-04  5.90e-02  1595s
  98   2.00383406e+07  1.84435638e+07  2.48e+02 1.80e-04  5.23e-02  1608s
  99   2.00240653e+07  1.84453950e+07  2.41e+02 1.77e-04  5.10e-02  1622s
 100   1.99919934e+07  1.84504671e+07  2.15e+02 1.68e-04  4.64e-02  1638s
 101   1.99368615e+07  1.84598264e+07  1.87e+02 1.51e-04  4.09e-02  1651s
 102   1.98189903e+07  1.84773836e+07  1.36e+02 1.19e-04  3.05e-02  1669s
 103   1.97853409e+07  1.84899427e+07  1.22e+02 9.67e-05  2.67e-02  1689s
 104   1.97590975e+07  1.84953484e+07  1.13e+02 8.57e-05  2.43e-02  1705s
 105   1.97381555e+07  1.84965002e+07  1.05e+02 8.31e-05  2.28e-02  1718s
 106   1.96980569e+07  1.85012481e+07  8.98e+01 7.39e-05  1.97e-02  1731s
 107   1.96729495e+07  1.85047840e+07  8.09e+01 6.62e-05  1.78e-02  1746s
 108   1.96297381e+07  1.85093988e+07  6.70e+01 5.70e-05  1.47e-02  1764s
 109   1.95852870e+07  1.85119116e+07  5.30e+01 5.17e-05  1.21e-02  1777s
 110   1.95638716e+07  1.85140940e+07  4.49e+01 4.75e-05  1.05e-02  1793s
 111   1.95153950e+07  1.85205913e+07  2.81e+01 3.34e-05  7.35e-03  1816s
 112   1.95029254e+07  1.85215768e+07  2.59e+01 3.11e-05  6.78e-03  1833s
 113   1.94794535e+07  1.85243146e+07  2.15e+01 2.53e-05  5.70e-03  1847s
 114   1.94760926e+07  1.85260220e+07  2.09e+01 2.22e-05  5.44e-03  1860s
 115   1.94581893e+07  1.85262357e+07  1.82e+01 2.15e-05  4.79e-03  1873s
 116   1.94306248e+07  1.85269400e+07  1.42e+01 1.97e-05  3.84e-03  1891s
 117   1.94284242e+07  1.85273201e+07  1.39e+01 1.89e-05  3.75e-03  1905s
 118   1.94234974e+07  1.85284473e+07  1.34e+01 1.62e-05  3.49e-03  1922s
 119   1.94169198e+07  1.85289217e+07  1.26e+01 1.52e-05  3.28e-03  1937s
 120   1.94050410e+07  1.85301340e+07  1.12e+01 1.20e-05  2.87e-03  1954s
 121   1.93792836e+07  1.85317190e+07  8.54e+00 8.13e-06  2.14e-03  1975s
 122   1.93647774e+07  1.85320523e+07  7.34e+00 7.39e-06  1.85e-03  1994s
 123   1.93567672e+07  1.85323801e+07  6.75e+00 6.62e-06  1.70e-03  2008s
 124   1.93387779e+07  1.85329889e+07  5.52e+00 5.34e-06  1.38e-03  2022s
 125   1.93151419e+07  1.85334484e+07  4.17e+00 8.84e-06  1.06e-03  2036s
 126   1.93075978e+07  1.85336075e+07  3.84e+00 8.92e-06  9.69e-04  2054s
 127   1.93055364e+07  1.85336509e+07  3.75e+00 8.76e-06  9.47e-04  2067s
 128   1.93020369e+07  1.85337741e+07  3.61e+00 7.08e-06  9.04e-04  2085s
 129   1.92840141e+07  1.85341487e+07  2.91e+00 5.22e-06  7.21e-04  2106s
 130   1.92800065e+07  1.85343569e+07  2.78e+00 4.29e-06  6.71e-04  2124s
 131   1.92414353e+07  1.85345647e+07  1.61e+00 3.28e-06  4.18e-04  2137s
 132   1.92373995e+07  1.85346267e+07  1.54e+00 3.02e-06  3.97e-04  2151s
 133   1.92182342e+07  1.85347700e+07  1.20e+00 2.38e-06  3.15e-04  2164s
 134   1.91930390e+07  1.85348820e+07  8.62e-01 1.90e-06  2.34e-04  2181s
 135   1.91757058e+07  1.85350324e+07  6.92e-01 1.27e-06  1.84e-04  2194s
 136   1.91737514e+07  1.85350391e+07  6.76e-01 1.24e-06  1.80e-04  2210s
 137   1.91449441e+07  1.85350965e+07  4.54e-01 1.02e-06  1.29e-04  2231s
 138   1.91441721e+07  1.85351765e+07  4.19e-01 7.31e-07  1.32e-04  2247s
 139   1.91305040e+07  1.85351828e+07  3.53e-01 7.07e-07  1.08e-04  2261s
 140   1.91202915e+07  1.85352678e+07  3.02e-01 4.54e-07  1.76e-04  2275s
 141   1.91080885e+07  1.85353157e+07  2.53e-01 3.10e-07  1.52e-04  2289s
 142   1.91066011e+07  1.85354218e+07  2.27e-01 2.40e-07  4.68e-04  2305s
 143   1.90888878e+07  1.85354411e+07  1.62e-01 1.83e-07  3.50e-04  2319s
 144   1.90828110e+07  1.85354528e+07  1.45e-01 1.75e-07  3.17e-04  2336s
 145   1.90799829e+07  1.85354763e+07  1.38e-01 2.04e-07  3.10e-04  2360s
 146   1.90771185e+07  1.85354848e+07  1.31e-01 3.19e-07  2.96e-04  2376s
 147   1.90641823e+07  1.85354981e+07  1.00e-01 2.98e-07  2.33e-04  2389s
 148   1.90540743e+07  1.85355280e+07  8.13e-02 2.60e-07  1.93e-04  2403s
 149   1.90477407e+07  1.85355442e+07  7.17e-02 3.20e-07  1.72e-04  2417s
 150   1.90335909e+07  1.85355572e+07  5.28e-02 3.56e-07  1.27e-04  2433s
 151   1.90294146e+07  1.85355683e+07  4.87e-02 3.69e-07  1.18e-04  2448s
 152   1.90189772e+07  1.85355865e+07  3.92e-02 3.47e-07  9.52e-05  2465s
 153   1.90111141e+07  1.85355948e+07  3.35e-02 3.10e-07  8.18e-05  2486s
 154   1.90085367e+07  1.85355996e+07  3.18e-02 2.98e-07  7.80e-05  2503s
 155   1.90054405e+07  1.85356142e+07  3.00e-02 2.58e-07  7.30e-05  2517s
 156   1.89975823e+07  1.85356181e+07  2.56e-02 2.49e-07  6.33e-05  2531s
 157   1.89931889e+07  1.85356285e+07  2.35e-02 2.27e-07  5.80e-05  2544s
 158   1.89876279e+07  1.85356401e+07  2.11e-02 2.05e-07  5.20e-05  2561s
 159   1.89809849e+07  1.85356605e+07  1.84e-02 1.70e-07  4.50e-05  2575s
 160   1.89754797e+07  1.85356691e+07  1.65e-02 1.57e-07  4.06e-05  2593s
 161   1.89664175e+07  1.85356867e+07  1.37e-02 1.34e-07  3.41e-05  2614s
 162   1.89530616e+07  1.85357002e+07  1.03e-02 1.16e-07  2.75e-05  2631s
 163   1.89522283e+07  1.85357041e+07  1.01e-02 1.12e-07  2.68e-05  2644s
 164   1.89510371e+07  1.85357047e+07  9.88e-03 1.11e-07  2.64e-05  2658s
 165   1.89489273e+07  1.85357075e+07  9.49e-03 1.08e-07  2.55e-05  2671s
 166   1.89474557e+07  1.85357114e+07  9.23e-03 1.04e-07  2.47e-05  2688s
 167   1.89461156e+07  1.85357167e+07  8.99e-03 9.83e-08  2.38e-05  2701s
 168   1.89420421e+07  1.85357252e+07  8.30e-03 8.99e-08  2.19e-05  2718s
 169   1.89409774e+07  1.85357293e+07  8.05e-03 8.69e-08  2.40e-05  2731s
 170   1.89396056e+07  1.85357339e+07  7.77e-03 8.32e-08  2.64e-05  2749s
 171   1.89379099e+07  1.85357403e+07  7.47e-03 7.80e-08  2.77e-05  2770s
 172   1.89334436e+07  1.85357445e+07  6.75e-03 7.49e-08  2.24e-05  2787s
 173   1.89322515e+07  1.85357477e+07  6.57e-03 7.26e-08  2.18e-05  2801s
 174   1.89315616e+07  1.85357501e+07  6.47e-03 7.13e-08  2.14e-05  2814s
 175   1.89279859e+07  1.85357570e+07  5.94e-03 6.66e-08  1.94e-05  2828s
 176   1.89262619e+07  1.85357610e+07  5.71e-03 6.42e-08  1.86e-05  2847s
 177   1.89251332e+07  1.85357627e+07  5.56e-03 6.32e-08  1.82e-05  2861s
 178   1.89240687e+07  1.85357681e+07  5.43e-03 6.02e-08  1.76e-05  2880s
 179   1.89209195e+07  1.85357748e+07  5.04e-03 5.67e-08  1.64e-05  2900s
 180   1.89179349e+07  1.85357824e+07  4.71e-03 5.31e-08  1.53e-05  2916s
 181   1.89171457e+07  1.85357841e+07  4.62e-03 5.24e-08  1.50e-05  2929s
 182   1.89162474e+07  1.85357855e+07  4.53e-03 5.18e-08  1.48e-05  2943s
 183   2.84874905e+10 -7.18797332e+10  4.27e+10 5.52e+00  7.94e+07  2967s
 184   2.86030206e+10 -1.25401481e+11  4.15e+10 1.28e+03  6.65e+07  2983s
 185   2.82489963e+10 -1.88277166e+11  3.67e+10 9.75e+02  5.09e+07  3002s
 186   2.71543010e+10 -4.62559686e+11  3.25e+10 6.57e+02  4.18e+07  3019s
 187   2.52375654e+10 -1.21482183e+12  2.70e+10 1.73e+02  2.96e+07  3032s
 188   1.88280294e+10 -1.25703643e+12  1.62e+10 5.49e+01  1.73e+07  3047s
 189   1.52131946e+10 -1.18406272e+12  1.07e+10 1.72e+01  1.12e+07  3060s
 190   1.13518741e+10 -1.06170500e+12  5.01e+09 5.38e+00  5.22e+06  3078s
 191   1.00187195e+10 -9.26946698e+11  2.83e+09 2.52e+00  2.95e+06  3090s
 192   9.13824695e+09 -7.59710721e+11  9.42e+08 1.06e+00  1.02e+06  3106s
 193   8.67497412e+09 -4.33569020e+11  3.90e+08 1.48e-01  4.06e+05  3129s
 194   1.07326486e+10 -3.01745988e+11  3.19e+08 3.38e-02  2.86e+05  3146s
 195   1.25943945e+10 -2.64993437e+11  2.75e+08 2.49e-02  2.42e+05  3159s
 196   1.40214824e+10 -1.98650316e+11  2.34e+08 1.38e-02  1.94e+05  3172s
 197   1.66918217e+10 -1.83236212e+11  1.83e+08 1.30e-02  1.54e+05  3187s
 198   1.86230057e+10 -1.20908250e+11  1.29e+08 1.00e-02  1.01e+05  3205s
 199   1.37599733e+10 -9.60201869e+10  4.93e+07 7.99e-03  4.40e+04  3218s
 200   1.19306233e+10 -7.49889884e+10  3.15e+07 6.21e-03  2.95e+04  3234s
 201   1.08271228e+10 -7.07628098e+10  2.81e+07 6.04e-03  2.65e+04  3256s
 202   9.74883341e+09 -5.05079152e+10  2.40e+07 4.39e-03  2.07e+04  3273s
 203   9.06631498e+09 -3.29876913e+10  2.08e+07 2.88e-03  1.63e+04  3286s
 204   7.36636981e+09 -2.71597556e+10  1.58e+07 2.42e-03  1.25e+04  3299s
 205   6.75395486e+09 -2.08583144e+10  1.41e+07 1.89e-03  1.06e+04  3312s
 206   5.71234946e+09 -1.49093846e+10  1.07e+07 1.37e-03  7.66e+03  3329s
 207   2.88285088e+09 -1.23557845e+10  3.96e+06 1.11e-03  3.63e+03  3344s
 208   2.30319571e+09 -7.07993987e+09  2.85e+06 1.36e-03  2.28e+03  3360s
 209   1.92373476e+09 -4.74370060e+09  2.24e+06 1.86e-03  1.62e+03  3374s
 210   8.76463153e+08 -3.30352849e+09  7.39e+05 2.22e-03  7.17e+02  3391s
 211   5.70952435e+08 -1.40270669e+09  4.08e+05 3.05e-03  3.20e+02  3413s
 212   4.19439504e+08 -1.35686230e+09  2.75e+05 3.05e-03  2.61e+02  3429s
 213   2.72451822e+08 -7.84673510e+08  1.48e+05 3.37e-03  1.43e+02  3443s
 214   2.48857951e+08 -6.53850264e+08  1.29e+05 3.29e-03  1.22e+02  3457s
 215   2.30615630e+08 -4.45112244e+08  1.18e+05 3.31e-03  9.33e+01  3470s
 216   2.19583680e+08 -2.61243085e+08  1.11e+05 3.76e-03  6.73e+01  3488s
 217   1.65635194e+08 -2.14556130e+08  7.82e+04 3.86e-03  5.13e+01  3501s
 218   1.40612732e+08 -7.63522759e+07  6.37e+04 4.37e-03  2.98e+01  3518s
 219   1.06639786e+08 -2.10519241e+07  4.51e+04 4.79e-03  1.74e+01  3538s
 220   8.62607124e+07 -9.32350375e+06  3.45e+04 6.57e-03  1.28e+01  3556s
 221   7.87951054e+07 -3.48560480e+06  3.06e+04 6.25e-03  1.10e+01  3569s
 222   6.50701047e+07  9.46453469e+05  2.33e+04 6.00e-03  8.44e+00  3583s
 223   6.03977859e+07  1.32333038e+06  2.10e+04 5.89e-03  7.73e+00  3596s
 224   5.34222022e+07  4.93966363e+06  1.73e+04 5.71e-03  6.26e+00  3613s
 225   5.26979505e+07  5.31813361e+06  1.70e+04 5.68e-03  6.11e+00  3626s
 226   4.80023878e+07  9.30907181e+06  1.46e+04 5.17e-03  4.89e+00  3643s
 227   4.45229174e+07  1.02665655e+07  1.28e+04 4.93e-03  4.29e+00  3663s
 228   3.98750055e+07  1.16095307e+07  1.06e+04 4.22e-03  3.52e+00  3681s
 229   3.86393222e+07  1.19457690e+07  9.95e+03 4.04e-03  3.31e+00  3694s
 230   3.62881126e+07  1.26875648e+07  8.69e+03 3.76e-03  2.91e+00  3707s
 231   3.28385282e+07  1.36573833e+07  6.89e+03 3.51e-03  2.34e+00  3721s
 232   3.09099352e+07  1.45759391e+07  5.89e+03 3.15e-03  1.96e+00  3738s
 233   2.98005905e+07  1.48534638e+07  5.31e+03 2.99e-03  1.78e+00  3751s
 234   2.92197753e+07  1.51327896e+07  5.03e+03 2.82e-03  1.67e+00  3769s
 235   2.80367692e+07  1.54126839e+07  4.43e+03 2.63e-03  1.49e+00  3790s
 236   2.77730472e+07  1.56982815e+07  4.31e+03 2.45e-03  1.42e+00  3807s
 237   2.76594786e+07  1.59646368e+07  4.25e+03 2.26e-03  1.37e+00  3820s
 238   2.66101463e+07  1.63657239e+07  3.73e+03 1.97e-03  1.19e+00  3833s
 239   2.62326254e+07  1.64887014e+07  3.53e+03 1.88e-03  1.13e+00  3847s
 240   2.55217042e+07  1.67721045e+07  3.17e+03 1.66e-03  1.00e+00  3864s
 241   2.53951130e+07  1.68396483e+07  3.11e+03 1.59e-03  9.80e-01  3877s
 242   2.44714920e+07  1.70546109e+07  2.64e+03 1.43e-03  8.41e-01  3894s
 243   2.43197277e+07  1.70726618e+07  2.57e+03 1.42e-03  8.20e-01  3907s
 244   2.33013171e+07  1.71916616e+07  2.10e+03 1.32e-03  6.81e-01  3925s
 245   2.31565857e+07  1.74751169e+07  2.02e+03 1.08e-03  6.25e-01  3947s
 246   2.29960716e+07  1.75185567e+07  1.94e+03 1.04e-03  6.00e-01  3964s
 247   2.28295192e+07  1.75472109e+07  1.86e+03 1.02e-03  5.77e-01  3977s
 248   2.27225562e+07  1.75728186e+07  1.81e+03 9.95e-04  5.61e-01  3990s
 249   2.24319178e+07  1.76178173e+07  1.67e+03 9.55e-04  5.21e-01  4004s
 250   2.20806116e+07  1.77337375e+07  1.50e+03 8.84e-04  4.64e-01  4023s
 251   2.20222043e+07  1.77551102e+07  1.47e+03 8.67e-04  4.54e-01  4036s
 252   2.16795368e+07  1.78284387e+07  1.31e+03 8.20e-04  4.05e-01  4052s
 253   2.16000936e+07  1.78685247e+07  1.27e+03 7.90e-04  3.91e-01  4074s
 254   2.14101869e+07  1.78879871e+07  1.18e+03 7.76e-04  3.67e-01  4091s
 255   2.13624975e+07  1.79696231e+07  1.15e+03 7.19e-04  3.51e-01  4104s
 256   2.09870399e+07  1.79816959e+07  9.64e+02 7.08e-04  3.06e-01  4117s
 257   2.08829198e+07  1.79944494e+07  9.14e+02 6.94e-04  2.92e-01  4132s
 258   2.07724805e+07  1.80460861e+07  8.61e+02 6.51e-04  2.73e-01  4150s
 259   2.06980707e+07  1.80670073e+07  8.22e+02 6.33e-04  2.62e-01  4163s
 260   2.05466220e+07  1.81164170e+07  7.48e+02 5.89e-04  2.39e-01  4180s
 261   2.04636214e+07  1.81475575e+07  7.11e+02 5.60e-04  2.25e-01  4201s
 262   2.04147415e+07  1.81660838e+07  6.89e+02 5.42e-04  2.17e-01  4218s
 263   2.02398900e+07  1.82052881e+07  6.10e+02 4.95e-04  1.93e-01  4231s
 264   2.00605919e+07  1.82489410e+07  5.28e+02 4.34e-04  1.67e-01  4244s
 265   1.99925812e+07  1.82778854e+07  4.97e+02 4.02e-04  1.56e-01  4257s
 266   1.98859440e+07  1.83087234e+07  4.52e+02 3.71e-04  1.40e-01  4273s
 267   1.98492969e+07  1.83183678e+07  4.36e+02 3.59e-04  1.35e-01  4286s
 268   1.98007329e+07  1.83343502e+07  4.15e+02 3.41e-04  1.28e-01  4303s
 269   1.97484298e+07  1.83459401e+07  3.93e+02 3.27e-04  1.21e-01  4317s
 270   1.96917259e+07  1.83696898e+07  3.69e+02 2.98e-04  1.12e-01  4334s
 271   1.95526296e+07  1.83869225e+07  3.09e+02 2.73e-04  9.48e-02  4354s
 272   1.94610627e+07  1.83923070e+07  2.73e+02 2.65e-04  8.48e-02  4371s
 273   1.94058482e+07  1.83974250e+07  2.49e+02 2.57e-04  7.86e-02  4385s
 274   1.93182041e+07  1.84109254e+07  2.08e+02 2.38e-04  6.83e-02  4399s
 275   1.92257885e+07  1.84403510e+07  1.71e+02 1.91e-04  5.54e-02  4413s
 276   1.91877730e+07  1.84535916e+07  1.55e+02 1.69e-04  4.97e-02  4429s
 277   1.91706752e+07  1.84599821e+07  1.49e+02 1.56e-04  4.73e-02  4442s
 278   1.90875148e+07  1.84711265e+07  1.20e+02 1.34e-04  3.81e-02  4459s
 279   1.90642505e+07  1.84775560e+07  1.12e+02 1.22e-04  3.51e-02  4480s
 280   1.90382209e+07  1.84837164e+07  1.03e+02 1.10e-04  3.19e-02  4497s
 281   1.90299192e+07  1.84849841e+07  1.00e+02 1.07e-04  3.10e-02  4511s
 282   1.90213675e+07  1.84863803e+07  9.70e+01 1.04e-04  3.01e-02  4524s
 283   1.90018294e+07  1.84890942e+07  9.02e+01 9.80e-05  2.80e-02  4540s
 284   1.89755774e+07  1.84937944e+07  8.16e+01 8.94e-05  2.51e-02  4558s
 285   1.89627387e+07  1.84962225e+07  7.72e+01 8.46e-05  2.37e-02  4571s
 286   1.89469465e+07  1.85003526e+07  7.21e+01 7.70e-05  2.18e-02  4588s
 287   1.89202383e+07  1.85046611e+07  6.37e+01 6.81e-05  1.90e-02  4611s
 288   1.88975457e+07  1.85061100e+07  5.63e+01 6.51e-05  1.70e-02  4628s
 289   1.88865558e+07  1.85083684e+07  5.27e+01 6.03e-05  1.59e-02  4642s
 290   1.88831404e+07  1.85096103e+07  5.16e+01 5.76e-05  1.55e-02  4656s
 291   1.88787927e+07  1.85120423e+07  5.02e+01 5.23e-05  1.48e-02  4668s
 292   1.88541566e+07  1.85150151e+07  4.25e+01 4.60e-05  1.26e-02  4685s
 293   1.88390187e+07  1.85156308e+07  3.82e+01 4.47e-05  1.15e-02  4698s
 294   1.88259769e+07  1.85187673e+07  3.46e+01 3.84e-05  1.02e-02  4714s
 295   1.88110154e+07  1.85202608e+07  3.05e+01 3.53e-05  9.07e-03  4735s
 296   1.87889468e+07  1.85223989e+07  2.45e+01 3.06e-05  7.41e-03  4753s
 297   1.87748968e+07  1.85248603e+07  2.04e+01 2.50e-05  6.24e-03  4766s
 298   1.87707873e+07  1.85264428e+07  1.96e+01 2.14e-05  5.84e-03  4780s
 299   1.87689715e+07  1.85267585e+07  1.92e+01 2.07e-05  5.71e-03  4793s
 300   1.87592953e+07  1.85284295e+07  1.72e+01 1.71e-05  4.98e-03  4811s
 301   1.87537864e+07  1.85290532e+07  1.60e+01 1.57e-05  4.64e-03  4825s
 302   1.87437804e+07  1.85294159e+07  1.40e+01 1.48e-05  4.12e-03  4842s
 303   1.87344195e+07  1.85308576e+07  1.22e+01 1.23e-05  3.54e-03  4856s
 304   1.87187862e+07  1.85315937e+07  9.61e+00 1.15e-05  2.79e-03  4873s
 305   1.87139287e+07  1.85318319e+07  8.90e+00 1.10e-05  2.58e-03  4894s
 306   1.87124864e+07  1.85320378e+07  8.70e+00 1.18e-05  2.51e-03  4912s
 307   1.86976989e+07  1.85327387e+07  6.62e+00 9.38e-06  1.95e-03  4925s
 308   1.86951231e+07  1.85329255e+07  5.94e+00 8.77e-06  1.79e-03  4939s
 309   1.86906561e+07  1.85333736e+07  5.45e+00 7.54e-06  1.63e-03  4953s
 310   1.86837489e+07  1.85335323e+07  4.78e+00 7.12e-06  1.42e-03  4970s
 311   1.86816546e+07  1.85337024e+07  4.50e+00 6.60e-06  1.36e-03  4984s
 312   1.86703033e+07  1.85339379e+07  3.50e+00 5.87e-06  1.07e-03  5001s
 313   1.86555000e+07  1.85346435e+07  2.31e+00 3.51e-06  7.13e-04  5022s
 314   1.86469911e+07  1.85348933e+07  1.83e+00 2.77e-06  5.72e-04  5038s
 315   1.86406031e+07  1.85352088e+07  1.53e+00 1.81e-06  4.65e-04  5052s
 316   1.86266463e+07  1.85353621e+07  9.85e-01 1.47e-06  3.09e-04  5066s
 317   1.86153093e+07  1.85354398e+07  6.89e-01 1.26e-06  2.29e-04  5080s
 318   1.86092631e+07  1.85355774e+07  5.77e-01 9.58e-07  1.83e-04  5097s
 319   1.86019327e+07  1.85356530e+07  4.62e-01 7.57e-07  1.48e-04  5110s
 320   1.85925847e+07  1.85357124e+07  3.44e-01 5.97e-07  1.13e-04  5128s
 321   1.85965807e+07  1.85357727e+07  3.24e-01 4.51e-07  1.95e-04  5150s
 322   1.85814195e+07  1.85357986e+07  1.88e-01 3.75e-07  1.21e-04  5168s
 323   1.85811416e+07  1.85358038e+07  1.87e-01 3.63e-07  1.22e-04  5181s
 324   1.85795949e+07  1.85358161e+07  1.79e-01 3.36e-07  1.20e-04  5195s
 325   1.85853414e+07  1.85358275e+07  1.70e-01 3.12e-07  1.93e-04  5209s
 326   1.85768620e+07  1.85358690e+07  1.27e-01 2.12e-07  1.61e-04  5227s
 327   1.85762157e+07  1.85358705e+07  1.24e-01 2.08e-07  1.58e-04  5240s
 328   1.85692595e+07  1.85358793e+07  9.85e-02 1.94e-07  8.59e-05  5258s
 329   1.85674700e+07  1.85358967e+07  8.58e-02 3.12e-07  9.22e-05  5281s
 330   1.85671117e+07  1.85359009e+07  6.85e-02 3.20e-07  6.80e-05  5299s
 331   1.85656874e+07  1.85359150e+07  5.95e-02 2.83e-07  7.19e-05  5312s
 332   1.85644605e+07  1.85359223e+07  5.38e-02 2.58e-07  6.57e-05  5328s
 333   1.85630697e+07  1.85359328e+07  4.62e-02 2.23e-07  6.40e-05  5342s
 334   1.85617501e+07  1.85359477e+07  3.88e-02 1.80e-07  6.20e-05  5359s
 335   1.85609339e+07  1.85359500e+07  3.54e-02 1.74e-07  5.44e-05  5375s
 336   1.85605437e+07  1.85359528e+07  3.38e-02 1.66e-07  5.18e-05  5393s
 337   1.85603135e+07  1.85359540e+07  3.29e-02 1.63e-07  5.02e-05  5408s
 338   1.85600658e+07  1.85359563e+07  3.19e-02 1.58e-07  4.88e-05  5425s
 339   1.85599534e+07  1.85359579e+07  3.15e-02 1.54e-07  4.84e-05  5447s
 340   1.85599123e+07  1.85359590e+07  3.13e-02 1.51e-07  4.84e-05  5464s
 341   1.85598695e+07  1.85359594e+07  3.12e-02 1.50e-07  4.82e-05  5478s
 342   1.85598049e+07  1.85359605e+07  3.09e-02 1.48e-07  4.81e-05  5491s
 343   1.85597595e+07  1.85359619e+07  3.08e-02 1.44e-07  4.82e-05  5505s
 344   1.85594023e+07  1.85359651e+07  2.94e-02 1.37e-07  4.61e-05  5523s
 345   1.85591271e+07  1.85359676e+07  2.84e-02 1.31e-07  4.46e-05  5537s
 346   1.85588666e+07  1.85359703e+07  2.74e-02 1.25e-07  4.33e-05  5554s
 347   1.85582421e+07  1.85359729e+07  2.52e-02 1.19e-07  3.92e-05  5575s
 348   1.85577512e+07  1.85359763e+07  2.35e-02 1.12e-07  3.66e-05  5593s
 349   1.85577069e+07  1.85359773e+07  2.34e-02 1.09e-07  3.65e-05  5608s
 350   1.85575473e+07  1.85359793e+07  2.29e-02 1.05e-07  3.61e-05  5622s
 351   1.85574100e+07  1.85359807e+07  2.25e-02 1.02e-07  3.55e-05  5635s
 352   1.85564475e+07  1.85359825e+07  1.95e-02 9.81e-08  3.01e-05  5654s
 353   1.85563432e+07  1.85359862e+07  1.92e-02 9.03e-08  3.00e-05  5667s
 354   1.85560213e+07  1.85359871e+07  1.84e-02 8.86e-08  2.85e-05  5685s
 355   1.85555199e+07  1.85359911e+07  1.71e-02 8.07e-08  2.66e-05  5706s
 356   1.85553306e+07  1.85359928e+07  1.66e-02 8.44e-08  2.59e-05  5723s
 357   1.85551121e+07  1.85359934e+07  1.61e-02 1.12e-07  2.51e-05  5736s
 358   1.85548864e+07  1.85359946e+07  1.56e-02 1.12e-07  2.43e-05  5749s
 359   1.85544885e+07  1.85359960e+07  1.47e-02 1.10e-07  2.29e-05  5764s
 360   1.85543160e+07  1.85359993e+07  1.44e-02 1.31e-07  2.23e-05  5780s
 361   1.85541517e+07  1.85360012e+07  1.40e-02 1.48e-07  2.18e-05  5794s
 362   1.85536594e+07  1.85360040e+07  1.30e-02 1.70e-07  2.03e-05  5812s
 363   1.85529402e+07  1.85360065e+07  1.17e-02 2.40e-07  1.83e-05  5833s
 364   1.85528137e+07  1.85360095e+07  1.15e-02 2.50e-07  1.79e-05  5850s
 365   1.85527519e+07  1.85360124e+07  1.14e-02 2.97e-07  1.76e-05  5863s
 366   1.85525131e+07  1.85360159e+07  1.10e-02 2.92e-07  1.69e-05  5877s
 367   1.85518976e+07  1.85360188e+07  1.00e-02 2.86e-07  1.55e-05  5890s
 368   1.85507729e+07  1.85360218e+07  8.36e-03 2.77e-07  1.31e-05  5907s
 369   1.85505975e+07  1.85360238e+07  8.15e-03 2.65e-07  1.28e-05  5921s
 370   1.85507527e+07  1.85360265e+07  7.83e-03 2.53e-07  1.48e-05  5938s
 371   1.85507018e+07  1.85360274e+07  7.77e-03 2.49e-07  1.50e-05  5952s
 372   1.85506692e+07  1.85360279e+07  7.72e-03 2.47e-07  1.49e-05  5973s
 373   1.85506241e+07  1.85360285e+07  7.63e-03 2.46e-07  1.46e-05  5995s
 374   1.85506076e+07  1.85360291e+07  7.57e-03 2.46e-07  1.45e-05  6025s
 375   1.85505856e+07  1.85360297e+07  7.50e-03 2.45e-07  1.43e-05  6049s
 376   1.85505712e+07  1.85360312e+07  7.44e-03 2.43e-07  1.43e-05  6099s
 377   1.85505668e+07  1.85360316e+07  7.42e-03 2.43e-07  1.43e-05  6121s
 378   1.85505424e+07  1.85360327e+07  7.33e-03 2.40e-07  1.40e-05  6147s
 379   1.85505344e+07  1.85360329e+07  7.29e-03 2.40e-07  1.39e-05  6166s
 380   1.85504878e+07  1.85360362e+07  7.02e-03 2.37e-07  1.34e-05  6198s
 381   1.85503997e+07  1.85360405e+07  6.06e-03 2.30e-07  1.17e-05  6230s
 382   1.85503831e+07  1.85360605e+07  5.46e-03 2.34e-07  1.23e-05  6255s
 383   1.85503065e+07  1.85360689e+07  4.81e-03 2.32e-07  1.05e-05  6276s
 384   1.85502624e+07  1.85360755e+07  4.37e-03 2.11e-07  9.39e-06  6293s
 385   1.85502361e+07  1.85360801e+07  4.09e-03 2.02e-07  8.74e-06  6306s
 386   1.85502103e+07  1.85360828e+07  3.81e-03 1.97e-07  8.13e-06  6321s
 387   1.85502067e+07  1.85360860e+07  3.77e-03 1.94e-07  8.04e-06  6335s
 388   1.85502014e+07  1.85360868e+07  3.71e-03 1.93e-07  7.92e-06  6348s
 389   1.85501906e+07  1.85360892e+07  3.59e-03 2.73e-07  7.66e-06  6362s
 390   1.85501590e+07  1.85360905e+07  3.25e-03 1.38e-06  6.99e-06  6381s
 391   1.85501461e+07  1.85360938e+07  3.11e-03 1.33e-06  6.71e-06  6395s
 392   1.85501365e+07  1.85360955e+07  3.01e-03 1.31e-06  6.52e-06  6408s
 393   1.85501305e+07  1.85360979e+07  2.95e-03 1.27e-06  6.38e-06  6422s
 394   1.85501236e+07  1.85360999e+07  2.88e-03 1.24e-06  6.23e-06  6436s
 395   1.85501114e+07  1.85361026e+07  2.76e-03 1.21e-06  6.00e-06  6449s
 396   1.85501048e+07  1.85361039e+07  2.69e-03 1.19e-06  5.88e-06  6464s
 397   1.85500963e+07  1.85361055e+07  2.61e-03 1.17e-06  5.73e-06  6478s
 398   1.85500805e+07  1.85361099e+07  2.45e-03 1.11e-06  5.46e-06  6491s
 399   1.85500513e+07  1.85361120e+07  2.18e-03 1.08e-06  5.07e-06  6504s
 400   1.85500370e+07  1.85361180e+07  2.06e-03 9.99e-07  4.74e-06  6519s
 401   1.85500355e+07  1.85361187e+07  2.05e-03 9.90e-07  4.71e-06  6537s
 402   1.85500353e+07  1.85361188e+07  2.05e-03 9.89e-07  4.70e-06  6554s
 403   1.85500271e+07  1.85361200e+07  1.98e-03 9.72e-07  4.59e-06  6569s
 404   1.85500051e+07  1.85361205e+07  1.81e-03 9.66e-07  4.38e-06  6587s
 405   1.85500042e+07  1.85361206e+07  1.80e-03 9.64e-07  4.37e-06  6605s
 406   1.85500030e+07  1.85361217e+07  1.80e-03 9.49e-07  4.33e-06  6622s
 407   1.85500023e+07  1.85361222e+07  1.79e-03 9.43e-07  4.31e-06  6639s
 408   1.85499935e+07  1.85361226e+07  1.73e-03 9.37e-07  4.23e-06  6653s
 409   1.85499924e+07  1.85361230e+07  1.72e-03 9.33e-07  4.20e-06  6669s
 410   1.85499858e+07  1.85361323e+07  1.68e-03 8.08e-07  3.85e-06  6687s
 411   1.85499843e+07  1.85361340e+07  1.67e-03 7.86e-07  3.78e-06  6701s
 412   1.85499516e+07  1.85361374e+07  1.55e-03 3.06e-05  3.54e-06  6736s
 413   1.85499225e+07  1.85361405e+07  1.37e-03 2.89e-05  3.27e-06  6749s
 414   1.85499135e+07  1.85361472e+07  1.32e-03 2.52e-05  2.99e-06  6763s
 415   1.85498888e+07  1.85361495e+07  1.19e-03 2.40e-05  2.77e-06  6776s
 416   1.85498679e+07  1.85361514e+07  1.08e-03 2.29e-05  2.60e-06  6791s
 417   1.85498392e+07  1.85361519e+07  9.55e-04 2.26e-05  2.45e-06  6807s
 418   1.85498160e+07  1.85361541e+07  8.62e-04 2.15e-05  2.30e-06  6821s
 419   1.85497766e+07  1.85361557e+07  7.19e-04 2.06e-05  2.13e-06  6834s
 420   1.85497659e+07  1.85361601e+07  6.87e-04 1.82e-05  1.94e-06  6848s
 421   1.85497620e+07  1.85361615e+07  6.75e-04 1.75e-05  1.88e-06  6861s
 422   1.85497564e+07  1.85361630e+07  6.59e-04 1.66e-05  1.80e-06  6876s
 423   1.85497534e+07  1.85361637e+07  6.51e-04 1.63e-05  1.77e-06  6891s
 424   1.85497488e+07  1.85361639e+07  6.38e-04 1.62e-05  1.75e-06  6909s
 425   1.85497396e+07  1.85361651e+07  6.14e-04 1.55e-05  1.68e-06  6923s
 426   1.85497304e+07  1.85361655e+07  5.90e-04 1.53e-05  1.64e-06  6939s
 427   1.85497259e+07  1.85361661e+07  5.78e-04 1.50e-05  1.61e-06  6954s
 428   1.85497025e+07  1.85361667e+07  5.49e-04 1.47e-05  1.56e-06  6975s
 429   1.85497002e+07  1.85361675e+07  5.44e-04 1.43e-05  1.53e-06  6993s
 430   1.85496949e+07  1.85361684e+07  5.32e-04 1.38e-05  1.48e-06  7015s
 431   1.85496764e+07  1.85361705e+07  4.89e-04 1.27e-05  1.36e-06  7035s
 432   1.85496666e+07  1.85361716e+07  4.68e-04 1.22e-05  1.31e-06  7047s
 433   1.85496560e+07  1.85361727e+07  4.47e-04 1.16e-05  1.25e-06  7064s
 434   1.85496364e+07  1.85361728e+07  4.28e-04 1.16e-05  1.22e-06  7082s
 435   1.85496193e+07  1.85361747e+07  3.97e-04 1.06e-05  1.12e-06  7100s
 436   1.85496072e+07  1.85361751e+07  3.76e-04 1.03e-05  1.09e-06  7122s
 437   1.85495952e+07  1.85361761e+07  3.67e-04 9.88e-06  1.04e-06  7144s
 438   1.85495832e+07  1.85361762e+07  3.48e-04 9.84e-06  1.03e-06  7157s
 439   1.85495654e+07  1.85361774e+07  3.21e-04 9.26e-06  9.64e-07  7171s
 440   1.85495570e+07  1.85361782e+07  3.09e-04 8.85e-06  9.23e-07  7188s
 441   1.85495476e+07  1.85361784e+07  2.97e-04 8.76e-06  9.10e-07  7202s
 442   1.85495187e+07  1.85361800e+07  2.78e-04 7.97e-06  8.32e-07  7228s
 443   1.85495016e+07  1.85361806e+07  2.67e-04 7.70e-06  8.03e-07  7247s
 444   1.85494986e+07  1.85361812e+07  2.64e-04 7.40e-06  7.74e-07  7266s
 445   1.85494841e+07  1.85361813e+07  2.47e-04 7.35e-06  7.64e-07  7288s
 446   1.85494732e+07  1.85361817e+07  2.36e-04 7.14e-06  7.40e-07  7307s
 447   1.85494650e+07  1.85361825e+07  2.27e-04 6.75e-06  7.02e-07  7322s
 448   1.85494584e+07  1.85361830e+07  2.22e-04 6.52e-06  6.79e-07  7338s
 449   1.85494519e+07  1.85361834e+07  2.15e-04 6.33e-06  6.59e-07  7355s
 450   1.85494143e+07  1.85361837e+07  1.97e-04 6.15e-06  6.36e-07  7376s
 451   1.85493985e+07  1.85361844e+07  1.85e-04 5.82e-06  6.00e-07  7397s
 452   1.85493861e+07  1.85361854e+07  1.74e-04 5.36e-06  5.54e-07  7416s
 453   1.85493694e+07  1.85361857e+07  1.68e-04 5.19e-06  5.36e-07  7436s
 454   1.85493616e+07  1.85361858e+07  1.63e-04 5.11e-06  5.27e-07  7452s
 455   1.85493535e+07  1.85361868e+07  1.56e-04 4.67e-06  4.84e-07  7472s
 456   1.85492613e+07  1.85361873e+07  1.41e-04 3.93e-06  4.53e-07  7510s
 457   1.85492448e+07  1.85361887e+07  1.32e-04 3.34e-06  3.91e-07  7534s
 458   1.85492256e+07  1.85361889e+07  1.30e-04 3.24e-06  3.79e-07  7553s
 459   1.85492113e+07  1.85361891e+07  1.26e-04 3.15e-06  3.69e-07  7575s
 460   1.85491349e+07  1.85361895e+07  1.03e-04 3.00e-06  3.45e-07  7600s
 461   1.85490745e+07  1.85361899e+07  9.15e-05 2.80e-06  3.19e-07  7623s
 462   1.85490702e+07  1.85361902e+07  9.13e-05 2.66e-06  3.05e-07  7642s
 463   1.85490620e+07  1.85361904e+07  8.64e-05 2.59e-06  2.97e-07  7661s
 464   1.85490313e+07  1.85361907e+07  7.92e-05 2.44e-06  2.79e-07  7683s
 465   1.85490248e+07  1.85361912e+07  8.46e-05 2.24e-06  2.59e-07  7714s
 466   1.85489923e+07  1.85361915e+07  7.79e-05 2.10e-06  2.42e-07  7739s
 467   1.85489808e+07  1.85361915e+07  7.55e-05 2.09e-06  2.41e-07  7758s
 468   1.85489456e+07  1.85361916e+07  6.52e-05 2.04e-06  2.33e-07  7781s
 469   1.85489305e+07  1.85361920e+07  6.55e-05 1.22e-06  2.16e-07  7802s
 470   1.85488972e+07  1.85361921e+07  6.25e-05 1.19e-06  2.10e-07  7826s
 471   1.85488433e+07  1.85361931e+07  5.82e-05 9.16e-07  1.65e-07  7851s
 472   1.85488273e+07  1.85361932e+07  5.36e-05 8.96e-07  1.61e-07  7874s
 473   1.85488270e+07  1.85361927e+07  2.21e-05 6.08e-05  1.61e-07  7894s
 474   1.85487991e+07  1.85361929e+07  2.11e-05 5.77e-05  1.53e-07  7913s
 475   1.85487887e+07  1.85361932e+07  1.68e-05 5.27e-05  1.41e-07  7935s
 476   1.85487310e+07  1.85361934e+07  1.50e-05 4.94e-05  1.31e-07  7957s
 477   1.85487201e+07  1.85361934e+07  1.52e-05 4.90e-05  1.30e-07  7976s
 478   1.85487136e+07  1.85361937e+07  1.62e-05 4.43e-05  1.19e-07  7996s
 479   1.85486590e+07  1.85361938e+07  2.07e-05 4.22e-05  1.12e-07  8017s
 480   1.85486462e+07  1.85361940e+07  1.61e-05 3.92e-05  1.05e-07  8039s
 481   1.85486302e+07  1.85361943e+07  2.16e-05 3.41e-05  9.29e-08  8066s
 482   1.85485879e+07  1.85361944e+07  1.25e-05 3.27e-05  8.83e-08  8093s
 483   1.85485607e+07  1.85361945e+07  7.35e-06 2.99e-05  8.11e-08  8116s
 484   1.85485495e+07  1.85361948e+07  2.18e-05 2.60e-05  7.18e-08  8134s
 485   1.85485298e+07  1.85361948e+07  1.37e-05 2.50e-05  6.89e-08  8152s
 486   1.85484905e+07  1.85361951e+07  6.20e-06 2.00e-05  5.69e-08  8171s
 487   1.85484348e+07  1.85361952e+07  8.62e-06 1.81e-05  5.14e-08  8195s
 488   1.85483356e+07  1.85361957e+07  6.91e-06 3.91e-05  4.79e-08  8230s
 489   1.85482521e+07  1.85361957e+07  7.69e-06 3.35e-05  4.11e-08  8253s
 490   1.85482463e+07  1.85361958e+07  8.99e-06 3.07e-05  3.81e-08  8274s
 491   1.85481964e+07  1.85361959e+07  1.68e-06 2.66e-05  3.35e-08  8293s
 492   1.85481852e+07  1.85361959e+07  1.49e-05 2.54e-05  3.21e-08  8313s
 493   1.85481636e+07  1.85361960e+07  2.26e-06 1.97e-05  2.55e-08  8334s

Barrier solved model in 493 iterations and 8333.73 seconds
Optimal objective 1.85481636e+07

Crossover log...

 2366260 DPushes remaining with DInf 2.9001183e+00              8345s
  539401 DPushes remaining with DInf 0.0000000e+00              8360s
  517190 DPushes remaining with DInf 0.0000000e+00              8367s
  486180 DPushes remaining with DInf 0.0000000e+00              8371s
  474586 DPushes remaining with DInf 0.0000000e+00              8375s
  457770 DPushes remaining with DInf 0.0000000e+00              8385s
  456676 DPushes remaining with DInf 0.0000000e+00              8390s
  455582 DPushes remaining with DInf 0.0000000e+00              8396s
  454488 DPushes remaining with DInf 0.0000000e+00              8402s
  453394 DPushes remaining with DInf 0.0000000e+00              8408s
  452300 DPushes remaining with DInf 0.0000000e+00              8414s
  450704 DPushes remaining with DInf 0.0000000e+00              8420s
  449243 DPushes remaining with DInf 0.0000000e+00              8427s
  446957 DPushes remaining with DInf 0.0000000e+00              8434s
  445782 DPushes remaining with DInf 0.0000000e+00              8442s
  444871 DPushes remaining with DInf 0.0000000e+00              8450s
  442938 DPushes remaining with DInf 0.0000000e+00              8457s
  441637 DPushes remaining with DInf 0.0000000e+00              8463s
  440489 DPushes remaining with DInf 0.0000000e+00              8470s
  439388 DPushes remaining with DInf 0.0000000e+00              8474s
  438305 DPushes remaining with DInf 0.0000000e+00              8482s
  437851 DPushes remaining with DInf 0.0000000e+00              8490s
  437269 DPushes remaining with DInf 0.0000000e+00              8498s
  436659 DPushes remaining with DInf 0.0000000e+00              8506s
  436127 DPushes remaining with DInf 0.0000000e+00              8514s
  435614 DPushes remaining with DInf 0.0000000e+00              8521s
  434852 DPushes remaining with DInf 0.0000000e+00              8529s
  434130 DPushes remaining with DInf 0.0000000e+00              8537s
  433020 DPushes remaining with DInf 0.0000000e+00              8544s
  431926 DPushes remaining with DInf 0.0000000e+00              8546s
  429738 DPushes remaining with DInf 0.0000000e+00              8550s
  426456 DPushes remaining with DInf 0.0000000e+00              8557s
  424268 DPushes remaining with DInf 0.0000000e+00              8562s
  422080 DPushes remaining with DInf 0.0000000e+00              8566s
  419892 DPushes remaining with DInf 0.0000000e+00              8570s
  416610 DPushes remaining with DInf 0.0000000e+00              8576s
  414422 DPushes remaining with DInf 0.0000000e+00              8581s
  412234 DPushes remaining with DInf 0.0000000e+00              8585s
  408952 DPushes remaining with DInf 0.0000000e+00              8591s
  406764 DPushes remaining with DInf 0.0000000e+00              8596s
  404576 DPushes remaining with DInf 0.0000000e+00              8600s
  401294 DPushes remaining with DInf 0.0000000e+00              8606s
  399106 DPushes remaining with DInf 0.0000000e+00              8610s
  395824 DPushes remaining with DInf 0.0000000e+00              8617s
  393636 DPushes remaining with DInf 0.0000000e+00              8621s
  391448 DPushes remaining with DInf 0.0000000e+00              8625s
  389260 DPushes remaining with DInf 0.0000000e+00              8630s
  385978 DPushes remaining with DInf 0.0000000e+00              8637s
  383790 DPushes remaining with DInf 0.0000000e+00              8641s
  381602 DPushes remaining with DInf 0.0000000e+00              8645s
  378320 DPushes remaining with DInf 0.0000000e+00              8652s
  376132 DPushes remaining with DInf 0.0000000e+00              8656s
  373944 DPushes remaining with DInf 0.0000000e+00              8660s
  370662 DPushes remaining with DInf 0.0000000e+00              8666s
  368474 DPushes remaining with DInf 0.0000000e+00              8670s
  365192 DPushes remaining with DInf 0.0000000e+00              8676s
  363004 DPushes remaining with DInf 0.0000000e+00              8681s
  360816 DPushes remaining with DInf 0.0000000e+00              8685s
  357534 DPushes remaining with DInf 0.0000000e+00              8692s
  355346 DPushes remaining with DInf 0.0000000e+00              8697s
  353158 DPushes remaining with DInf 0.0000000e+00              8701s
  350970 DPushes remaining with DInf 0.0000000e+00              8705s
  347688 DPushes remaining with DInf 0.0000000e+00              8712s
  345500 DPushes remaining with DInf 0.0000000e+00              8716s
  343311 DPushes remaining with DInf 0.0000000e+00              8721s
  341123 DPushes remaining with DInf 0.0000000e+00              8725s
  337841 DPushes remaining with DInf 0.0000000e+00              8731s
  335653 DPushes remaining with DInf 0.0000000e+00              8736s
  333465 DPushes remaining with DInf 0.0000000e+00              8740s
  330183 DPushes remaining with DInf 0.0000000e+00              8747s
  327995 DPushes remaining with DInf 0.0000000e+00              8751s
  325807 DPushes remaining with DInf 0.0000000e+00              8755s
  322525 DPushes remaining with DInf 0.0000000e+00              8762s
  320337 DPushes remaining with DInf 0.0000000e+00              8766s
  318149 DPushes remaining with DInf 0.0000000e+00              8770s
  314867 DPushes remaining with DInf 0.0000000e+00              8777s
  312679 DPushes remaining with DInf 0.0000000e+00              8781s
  310491 DPushes remaining with DInf 0.0000000e+00              8785s
  307209 DPushes remaining with DInf 0.0000000e+00              8792s
  305021 DPushes remaining with DInf 0.0000000e+00              8796s
  302833 DPushes remaining with DInf 0.0000000e+00              8800s
  299551 DPushes remaining with DInf 0.0000000e+00              8807s
  297363 DPushes remaining with DInf 0.0000000e+00              8811s
  295175 DPushes remaining with DInf 0.0000000e+00              8816s
  292987 DPushes remaining with DInf 0.0000000e+00              8821s
  290799 DPushes remaining with DInf 0.0000000e+00              8826s
  288611 DPushes remaining with DInf 0.0000000e+00              8831s
  286423 DPushes remaining with DInf 0.0000000e+00              8836s
  284235 DPushes remaining with DInf 0.0000000e+00              8841s
  282047 DPushes remaining with DInf 0.0000000e+00              8846s
  279859 DPushes remaining with DInf 0.0000000e+00              8851s
  277671 DPushes remaining with DInf 0.0000000e+00              8856s
  275483 DPushes remaining with DInf 0.0000000e+00              8861s
  273295 DPushes remaining with DInf 0.0000000e+00              8866s
  271107 DPushes remaining with DInf 0.0000000e+00              8872s
  268919 DPushes remaining with DInf 0.0000000e+00              8877s
  266731 DPushes remaining with DInf 0.0000000e+00              8881s
  264543 DPushes remaining with DInf 0.0000000e+00              8886s
  262355 DPushes remaining with DInf 0.0000000e+00              8890s
  259073 DPushes remaining with DInf 0.0000000e+00              8897s
  256885 DPushes remaining with DInf 0.0000000e+00              8902s
  254697 DPushes remaining with DInf 0.0000000e+00              8906s
  252509 DPushes remaining with DInf 0.0000000e+00              8911s
  250321 DPushes remaining with DInf 0.0000000e+00              8916s
  248133 DPushes remaining with DInf 0.0000000e+00              8920s
  244851 DPushes remaining with DInf 0.0000000e+00              8927s
  242663 DPushes remaining with DInf 0.0000000e+00              8932s
  240475 DPushes remaining with DInf 0.0000000e+00              8936s
  238287 DPushes remaining with DInf 0.0000000e+00              8941s
  235005 DPushes remaining with DInf 0.0000000e+00              8947s
  232817 DPushes remaining with DInf 0.0000000e+00              8951s
  230629 DPushes remaining with DInf 0.0000000e+00              8956s
  228441 DPushes remaining with DInf 0.0000000e+00              8960s
  225159 DPushes remaining with DInf 0.0000000e+00              8967s
  222971 DPushes remaining with DInf 0.0000000e+00              8971s
  220783 DPushes remaining with DInf 0.0000000e+00              8975s
  217501 DPushes remaining with DInf 0.0000000e+00              8982s
  215313 DPushes remaining with DInf 0.0000000e+00              8986s
  213125 DPushes remaining with DInf 0.0000000e+00              8991s
  210937 DPushes remaining with DInf 0.0000000e+00              8995s
  207655 DPushes remaining with DInf 0.0000000e+00              9002s
  205467 DPushes remaining with DInf 0.0000000e+00              9006s
  203279 DPushes remaining with DInf 0.0000000e+00              9010s
  199997 DPushes remaining with DInf 0.0000000e+00              9017s
  197809 DPushes remaining with DInf 0.0000000e+00              9021s
  195621 DPushes remaining with DInf 0.0000000e+00              9026s
  193433 DPushes remaining with DInf 0.0000000e+00              9031s
  191245 DPushes remaining with DInf 0.0000000e+00              9036s
  189057 DPushes remaining with DInf 0.0000000e+00              9040s
  186869 DPushes remaining with DInf 0.0000000e+00              9045s
  184681 DPushes remaining with DInf 0.0000000e+00              9050s
  182493 DPushes remaining with DInf 0.0000000e+00              9055s
  180305 DPushes remaining with DInf 0.0000000e+00              9060s
  178117 DPushes remaining with DInf 0.0000000e+00              9065s
  175929 DPushes remaining with DInf 0.0000000e+00              9070s
  172647 DPushes remaining with DInf 0.0000000e+00              9077s
  170459 DPushes remaining with DInf 0.0000000e+00              9082s
  168271 DPushes remaining with DInf 0.0000000e+00              9087s
  167177 DPushes remaining with DInf 0.0000000e+00              9090s
  164989 DPushes remaining with DInf 0.0000000e+00              9095s
  162801 DPushes remaining with DInf 0.0000000e+00              9101s
  160613 DPushes remaining with DInf 0.0000000e+00              9106s
  158425 DPushes remaining with DInf 0.0000000e+00              9111s
  156237 DPushes remaining with DInf 0.0000000e+00              9116s
  154049 DPushes remaining with DInf 0.0000000e+00              9121s
  151861 DPushes remaining with DInf 0.0000000e+00              9126s
  149673 DPushes remaining with DInf 0.0000000e+00              9131s
  147485 DPushes remaining with DInf 0.0000000e+00              9135s
  144203 DPushes remaining with DInf 0.0000000e+00              9142s
  142015 DPushes remaining with DInf 0.0000000e+00              9146s
  139827 DPushes remaining with DInf 0.0000000e+00              9150s
  136545 DPushes remaining with DInf 0.0000000e+00              9157s
  134357 DPushes remaining with DInf 0.0000000e+00              9161s
  132169 DPushes remaining with DInf 0.0000000e+00              9166s
  129981 DPushes remaining with DInf 0.0000000e+00              9170s
  126699 DPushes remaining with DInf 0.0000000e+00              9177s
  124511 DPushes remaining with DInf 0.0000000e+00              9182s
  122323 DPushes remaining with DInf 0.0000000e+00              9187s
  120135 DPushes remaining with DInf 0.0000000e+00              9191s
  117947 DPushes remaining with DInf 0.0000000e+00              9196s
  115759 DPushes remaining with DInf 0.0000000e+00              9200s
  112477 DPushes remaining with DInf 0.0000000e+00              9207s
  110289 DPushes remaining with DInf 0.0000000e+00              9212s
  108101 DPushes remaining with DInf 0.0000000e+00              9217s
  105913 DPushes remaining with DInf 0.0000000e+00              9222s
  103725 DPushes remaining with DInf 0.0000000e+00              9226s
  101537 DPushes remaining with DInf 0.0000000e+00              9231s
   99349 DPushes remaining with DInf 0.0000000e+00              9235s
   96067 DPushes remaining with DInf 0.0000000e+00              9242s
   93879 DPushes remaining with DInf 0.0000000e+00              9247s
   91691 DPushes remaining with DInf 0.0000000e+00              9251s
   89503 DPushes remaining with DInf 0.0000000e+00              9256s
   87315 DPushes remaining with DInf 0.0000000e+00              9260s
   84033 DPushes remaining with DInf 0.0000000e+00              9266s
   81845 DPushes remaining with DInf 0.0000000e+00              9271s
   78563 DPushes remaining with DInf 0.0000000e+00              9277s
   76375 DPushes remaining with DInf 0.0000000e+00              9282s
   74187 DPushes remaining with DInf 0.0000000e+00              9286s
   71999 DPushes remaining with DInf 0.0000000e+00              9290s
   68717 DPushes remaining with DInf 0.0000000e+00              9297s
   66529 DPushes remaining with DInf 0.0000000e+00              9301s
   64341 DPushes remaining with DInf 0.0000000e+00              9305s
   62153 DPushes remaining with DInf 0.0000000e+00              9310s
   58835 DPushes remaining with DInf 0.0000000e+00              9321s
   57624 DPushes remaining with DInf 0.0000000e+00              9327s
   56131 DPushes remaining with DInf 0.0000000e+00              9330s
   52340 DPushes remaining with DInf 0.0000000e+00              9337s
   51183 DPushes remaining with DInf 0.0000000e+00              9341s
   48893 DPushes remaining with DInf 0.0000000e+00              9348s
   47653 DPushes remaining with DInf 0.0000000e+00              9350s
   45463 DPushes remaining with DInf 0.0000000e+00              9360s
   44952 DPushes remaining with DInf 0.0000000e+00              9367s
    7038 DPushes remaining with DInf 0.0000000e+00              9372s
    5938 DPushes remaining with DInf 0.0000000e+00              9376s
     933 DPushes remaining with DInf 0.0000000e+00              9380s
       0 DPushes remaining with DInf 1.2084239e-10              9383s

  585590 PPushes remaining with PInf 6.4484687e-02              9385s
  309842 PPushes remaining with PInf 2.3364971e-02              9403s
  211688 PPushes remaining with PInf 7.5496588e-02              9421s
  169787 PPushes remaining with PInf 7.1871032e-02              9431s
  141440 PPushes remaining with PInf 5.8082510e-02              9446s
  122966 PPushes remaining with PInf 5.6001794e-02              9464s
  107784 PPushes remaining with PInf 3.3613844e-02              9482s
   95475 PPushes remaining with PInf 9.0937588e-02              9508s
   84932 PPushes remaining with PInf 9.0341130e-02              9531s
   75880 PPushes remaining with PInf 9.0341129e-02              9553s
   67958 PPushes remaining with PInf 9.0341129e-02              9573s
   61097 PPushes remaining with PInf 9.0341129e-02              9593s
   55620 PPushes remaining with PInf 9.0341129e-02              9611s
   51093 PPushes remaining with PInf 9.0341129e-02              9624s
   47500 PPushes remaining with PInf 9.0341129e-02              9636s
   44336 PPushes remaining with PInf 9.0341129e-02              9648s
   41418 PPushes remaining with PInf 9.0341129e-02              9660s
   38774 PPushes remaining with PInf 9.0341129e-02              9673s
   36355 PPushes remaining with PInf 9.0341129e-02              9683s
   34086 PPushes remaining with PInf 9.0341129e-02              9691s
   32882 PPushes remaining with PInf 9.0341129e-02              9734s
   26166 PPushes remaining with PInf 9.0230355e-02              9759s
   21621 PPushes remaining with PInf 9.0229263e-02              9773s
   13291 PPushes remaining with PInf 9.0209313e-02              9802s
   10299 PPushes remaining with PInf 9.0209314e-02              9820s
    5193 PPushes remaining with PInf 9.0209314e-02              9840s
      48 PPushes remaining with PInf 7.8553615e-02              9859s
       0 PPushes remaining with PInf 7.8553615e-02              9877s

  Push phase complete: Pinf 7.8553615e-02, Dinf 2.4559911e+00   9879s

Iteration    Objective       Primal Inf.    Dual Inf.      Time
 1801408    1.8536205e+07   0.000000e+00   2.455991e+00   9892s
 1802507    1.8536205e+07   0.000000e+00   1.638369e-02   9920s
 1804013    1.8536205e+07   0.000000e+00   1.909721e-04   9935s
 1804330    1.8536205e+07   0.000000e+00   0.000000e+00  10021s
 1804330    1.8536205e+07   2.548548e-06   1.566667e+07  10065s
Extra one simplex iteration after uncrush
 1804340    1.8536205e+07   0.000000e+00   0.000000e+00  10157s

Solved with barrier
Solved in 1804340 iterations and 10157.16 seconds
Optimal objective  1.853620513e+07
Freed default Gurobi environment

